#
# A fatal error has been detected by the Java Runtime Environment:
#
#  Internal Error (jvmciRuntime.cpp:1609), pid=57, tid=71
#  fatal error: Fatal exception in JVMCI: Error calling jdk.vm.ci.services.Services.serializeSavedProperties
#
# JRE version: OpenJDK Runtime Environment GraalVM CE 22.3.0 (17.0.5+8) (build 17.0.5+8-jvmci-22.3-b08)
# Java VM: OpenJDK 64-Bit Server VM GraalVM CE 22.3.0 (17.0.5+8-jvmci-22.3-b08, mixed mode, sharing, tiered, jvmci, jvmci compiler, compressed oops, compressed class ptrs, parallel gc, linux-amd64)
# Problematic frame:
# V  [libjvm.so+0x972714]  JVMCIRuntime::fatal_exception(JVMCIEnv*, char const*)+0x74
#
# Core dump will be written. Default location: Core dumps may be processed with "/usr/share/apport/apport -p%p -s%s -c%c -d%d -P%P -u%u -g%g -- %E" (or dumping to /home/runner/LearnJava/core.57)
#
# If you would like to submit a bug report, please visit:
#   https://github.com/oracle/graal/issues
#

---------------  S U M M A R Y ------------

Command Line: -XX:ThreadPriorityPolicy=1 -XX:+UnlockExperimentalVMOptions -XX:+EnableJVMCIProduct -XX:JVMCIThreadsPerNativeLibraryRuntime=1 -XX:-UnlockExperimentalVMOptions -Declipse.application=org.eclipse.jdt.ls.core.id1 -Dosgi.bundles.defaultStartLevel=4 -Declipse.product=org.eclipse.jdt.ls.core.product -Dlog.level=ALL -Xverify:none -XX:+UseParallelGC -XX:GCTimeRatio=4 -XX:AdaptiveSizePolicyWeight=90 -Dsun.zip.disableMemoryMapping=true -Xmx512m -Xms100m /nix/store/m6gcpi1ii6rghy04cjwjddcavv7i90df-jdt-language-server-1.9.0/share/java/plugins/org.eclipse.equinox.launcher_1.6.400.v20210924-0641.jar --add-modules=ALL-SYSTEM --add-opens java.base/java.util=ALL-UNNAMED --add-opens java.base/java.lang=ALL-UNNAMED -configuration /home/runner/.cache/jdt-language-server/config -data /home/runner/.cache/jdt-language-server/data/home/runner/LearnJava

Host: AMD EPYC 7B12, 8 cores, 1G, Ubuntu 20.04.2 LTS
Time: Tue Mar  7 11:19:38 2023 UTC elapsed time: 1008.969238 seconds (0d 0h 16m 48s)

---------------  T H R E A D  ---------------

Current thread (0x00007f76540b21d0):  JavaThread "JVMCI-native CompilerThread0" daemon [_thread_in_vm, id=71, stack(0x00007f7639918000,0x00007f7639b18000)]


Current CompileTask:
JVMCI-native:1008969 7950       4       org.eclipse.jdt.internal.compiler.parser.Scanner::getNextToken (179 bytes)

Stack: [0x00007f7639918000,0x00007f7639b18000],  sp=0x00007f7639b16380,  free space=2040k
Native frames: (J=compiled Java code, j=interpreted, Vv=VM code, C=native code)
V  [libjvm.so+0x972714]  JVMCIRuntime::fatal_exception(JVMCIEnv*, char const*)+0x74
V  [libjvm.so+0x93e2fe]  JVMCIEnv::copy_saved_properties()+0x14e
V  [libjvm.so+0x9732a9]  JVMCIRuntime::initialize(JVMCIEnv*)+0xb19
V  [libjvm.so+0x9738a2]  JVMCIRuntime::get_HotSpotJVMCIRuntime(JVMCIEnv*)+0x12
V  [libjvm.so+0x9749f2]  JVMCIRuntime::compile_method(JVMCIEnv*, JVMCICompiler*, methodHandle const&, int)+0xd2
V  [libjvm.so+0x5b0d20]  CompileBroker::invoke_compiler_on_method(CompileTask*)+0x1470
V  [libjvm.so+0x5b12e8]  CompileBroker::compiler_thread_loop()+0x528
V  [libjvm.so+0xd82460]  JavaThread::thread_main_inner()+0xd0
V  [libjvm.so+0xd85a40]  Thread::call_run()+0xc0
V  [libjvm.so+0xbdb1e1]  thread_native_entry(Thread*)+0xe1

Register to memory mapping:

RAX=0x00007f7659577000 points into unknown readable memory: 0x0000000000000058 | 58 00 00 00 00 00 00 00
RBX=0x00007f765a672398: <offset 0x0000000000ef5398> in /nix/store/gpxl5qgg8kicmcvivwmybwjlpf7wh20l-graalvm17-ce-22.3.0/lib/server/libjvm.so at 0x00007f765977d000
RCX=0x00007f765a62a1e8: <offset 0x0000000000ead1e8> in /nix/store/gpxl5qgg8kicmcvivwmybwjlpf7wh20l-graalvm17-ce-22.3.0/lib/server/libjvm.so at 0x00007f765977d000
RDX=0x0000000000000649 is an unknown value
RSP=0x00007f7639b16380 is pointing into the stack for thread: 0x00007f76540b21d0
RBP=0x00007f7639b163a0 is pointing into the stack for thread: 0x00007f76540b21d0
RSI=0x00007f765a672c48: <offset 0x0000000000ef5c48> in /nix/store/gpxl5qgg8kicmcvivwmybwjlpf7wh20l-graalvm17-ce-22.3.0/lib/server/libjvm.so at 0x00007f765977d000
RDI=0x00000000e0000000 is an oop: [B 
{0x00000000e0000000} - klass: {type array byte}
 - length: 8
R8 =0x00007f765a672398: <offset 0x0000000000ef5398> in /nix/store/gpxl5qgg8kicmcvivwmybwjlpf7wh20l-graalvm17-ce-22.3.0/lib/server/libjvm.so at 0x00007f765977d000
R9 =0x0000000000000003 is an unknown value
R10=0x00007f765a9c3da0: <offset 0x0000000001246da0> in /nix/store/gpxl5qgg8kicmcvivwmybwjlpf7wh20l-graalvm17-ce-22.3.0/lib/server/libjvm.so at 0x00007f765977d000
R11=0x0000000000000246 is an unknown value
R12=0x0 is NULL
R13=0x00007f76540b21d0 is a thread
R14=0x00007f7654000b80 points into unknown readable memory: 0x00007f765a8a3a38 | 38 3a 8a 5a 76 7f 00 00
R15=0x00007f765a9b1e40: <offset 0x0000000001234e40> in /nix/store/gpxl5qgg8kicmcvivwmybwjlpf7wh20l-graalvm17-ce-22.3.0/lib/server/libjvm.so at 0x00007f765977d000


Registers:
RAX=0x00007f7659577000, RBX=0x00007f765a672398, RCX=0x00007f765a62a1e8, RDX=0x0000000000000649
RSP=0x00007f7639b16380, RBP=0x00007f7639b163a0, RSI=0x00007f765a672c48, RDI=0x00000000e0000000
R8 =0x00007f765a672398, R9 =0x0000000000000003, R10=0x00007f765a9c3da0, R11=0x0000000000000246
R12=0x0000000000000000, R13=0x00007f76540b21d0, R14=0x00007f7654000b80, R15=0x00007f765a9b1e40
RIP=0x00007f765a0ef714, EFLAGS=0x0000000000010206, CSGSFS=0x002b000000000033, ERR=0x0000000000000006
  TRAPNO=0x000000000000000e

Top of Stack: (sp=0x00007f7639b16380)
0x00007f7639b16380:   00007f7639b16940 00007f76540b21d0
0x00007f7639b16390:   00007f76580088c8 0000000800c415a8
0x00007f7639b163a0:   00007f7639b16500 00007f765a0bb2fe
0x00007f7639b163b0:   00007f7639b163e0 00007f7639b16440 

Instructions: (pc=0x00007f765a0ef714)
0x00007f765a0ef614:   30 e8 f6 cf e8 ff 4c 89 e7 e8 2e 48 d1 ff 84 db
0x00007f765a0ef624:   75 2a 4d 85 ed 74 04 4d 8b 6d 00 48 83 c4 08 44
0x00007f765a0ef634:   89 f9 4c 89 f2 4c 89 ee 5b 4c 89 e7 41 5c 41 5d
0x00007f765a0ef644:   41 5e 41 5f 5d e9 e2 47 d1 ff 66 90 48 83 c4 08
0x00007f765a0ef654:   5b 41 5c 41 5d 41 5e 41 5f 5d c3 90 31 d2 be 08
0x00007f765a0ef664:   00 00 00 4c 89 ff e8 b1 78 a3 ff 49 89 c5 e9 37
0x00007f765a0ef674:   ff ff ff 66 0f 1f 84 00 00 00 00 00 48 8b 7a 08
0x00007f765a0ef684:   e9 6d ff ff ff 0f 1f 80 00 00 00 00 e8 5b 48 0a
0x00007f765a0ef694:   00 84 c0 75 89 e9 6a ff ff ff 66 90 55 48 89 e5
0x00007f765a0ef6a4:   41 56 41 55 41 54 49 89 fc 53 48 89 f3 66 48 8d
0x00007f765a0ef6b4:   3d 27 5e 85 00 66 66 48 e8 df 43 8d ff 4c 8b 28
0x00007f765a0ef6c4:   8b 05 be 72 8a 00 85 c0 75 14 ba 01 00 00 00 48
0x00007f765a0ef6d4:   8d 0d ae 72 8a 00 f0 0f b1 11 85 c0 74 4e be c8
0x00007f765a0ef6e4:   00 00 00 4c 89 ef e8 01 0b 41 00 48 8d 05 12 ac
0x00007f765a0ef6f4:   85 00 49 89 d8 48 8d 0d e8 aa 53 00 ba 49 06 00
0x00007f765a0ef704:   00 48 8d 35 3c 35 58 00 bf 00 00 00 e0 48 8b 00
0x00007f765a0ef714:   c6 00 58 31 c0 e8 e2 91 c6 ff 5b 41 5c 41 5d 41
0x00007f765a0ef724:   5e 5d e9 55 34 26 00 0f 1f 44 00 00 48 8d 05 81
0x00007f765a0ef734:   a3 8b 00 48 89 df 4c 8b 30 e8 9e 43 8d ff 48 89
0x00007f765a0ef744:   de 48 89 c2 49 8b 06 4c 89 f7 ff 50 08 4c 89 f7
0x00007f765a0ef754:   e8 a7 5c 27 00 4d 85 e4 74 12 be 01 00 00 00 4c
0x00007f765a0ef764:   89 e7 e8 35 43 fc ff eb 82 0f 1f 00 be 01 00 00
0x00007f765a0ef774:   00 4c 89 ef e8 d3 fd ff ff e9 6d ff ff ff 66 66
0x00007f765a0ef784:   2e 0f 1f 84 00 00 00 00 00 0f 1f 00 55 48 89 e5
0x00007f765a0ef794:   41 57 41 56 41 55 41 54 53 48 81 ec 08 02 00 00
0x00007f765a0ef7a4:   64 48 8b 04 25 28 00 00 00 48 89 45 c8 8b 07 83
0x00007f765a0ef7b4:   f8 02 0f 84 11 04 00 00 4c 8b 6f 18 49 89 ff 49
0x00007f765a0ef7c4:   89 f4 4d 85 ed 74 14 4c 89 ef e8 5d 57 22 00 41
0x00007f765a0ef7d4:   8b 07 83 f8 02 0f 84 19 04 00 00 48 8d 1d 9a 06
0x00007f765a0ef7e4:   8a 00 4c 8d 35 0b 3c 58 00 eb 38 90 48 85 d2 7f
0x00007f765a0ef7f4:   0d 48 8d 05 b4 c0 85 00 48 83 38 00 7e 0e 41 8b
0x00007f765a0ef804:   77 2c 4c 89 f7 31 c0 e8 a0 b2 f7 ff 49 8b 7f 18 


Stack slot to memory mapping:
stack at sp + 0 slots: 0x00007f7639b16940 is pointing into the stack for thread: 0x00007f76540b21d0
stack at sp + 1 slots: 0x00007f76540b21d0 is a thread
stack at sp + 2 slots: 0x00007f76580088c8 points into unknown readable memory: 0x6573001880c9ffff | ff ff c9 80 18 00 73 65
stack at sp + 3 slots: 0x0000000800c415a8 is a pointer to class: 
jdk.vm.ci.services.Services {0x0000000800c415a8}
 - instance size:     2
 - klass size:        65
 - access:            public final synchronized 
 - state:             fully_initialized
 - name:              'jdk/vm/ci/services/Services'
 - super:             'java/lang/Object'
 - sub:               
 - arrays:            NULL
 - methods:           Array<T>(0x00007f763a440438)
 - method ordering:   Array<T>(0x0000000800928960)
 - default_methods:   Array<T>(0x0000000000000000)
 - local interfaces:  Array<T>(0x00000008005ce810)
 - trans. interfaces: Array<T>(0x00000008005ce810)
 - constants:         constant pool [427] {0x00007f763a43ef98} for 'jdk/vm/ci/services/Services' cache=0x00007f763a441e00
 - class loader data:  loader data: 0x00007f76540283f0 of 'bootstrap'
 - source file:       'Services.java'
 - class annotations:       Array<T>(0x0000000000000000)
 - class type annotations:  Array<T>(0x0000000000000000)
 - field annotations:       Array<T>(0x0000000000000000)
 - field type annotations:  Array<T>(0x0000000000000000)
 - inner classes:     Array<T>(0x00007f763a4418f8)
 - nest members:     Array<T>(0x00007f763a441918)
 - permitted subclasses:     Array<T>(0x00000008005ce7a0)
 - java mirror:       a 'java/lang/Class'{0x00000000e0148000} = 'jdk/vm/ci/services/Services'
 - vtable length      5  (start addr: 0x0000000800c41778)
 - itable length      2 (start addr: 0x0000000800c417a0)
 - ---- static fields (3 words):
 - public static final 'IS_BUILDING_NATIVE_IMAGE' 'Z' @128 
 - public static final 'IS_IN_NATIVE_IMAGE' 'Z' @129 
 - private static volatile 'savedProperties' 'Ljava/util/Map;' @112 
 - static final 'JVMCI_ENABLED' 'Z' @130 
 - private static final 'servicesCache' 'Ljava/util/Map;' @116 
 - private static final 'MAX_UNICODE_IN_UTF8_LENGTH' 'I' @120 
 - private static final 'MAX_UTF8_PROPERTY_STRING_LENGTH' 'I' @124 
 - ---- non-static fields (0 words):
 - non-static oop maps: 
stack at sp + 4 slots: 0x00007f7639b16500 is pointing into the stack for thread: 0x00007f76540b21d0
stack at sp + 5 slots: 0x00007f765a0bb2fe: <offset 0x000000000093e2fe> in /nix/store/gpxl5qgg8kicmcvivwmybwjlpf7wh20l-graalvm17-ce-22.3.0/lib/server/libjvm.so at 0x00007f765977d000
stack at sp + 6 slots: 0x00007f7639b163e0 is pointing into the stack for thread: 0x00007f76540b21d0
stack at sp + 7 slots: 0x00007f7639b16440 is pointing into the stack for thread: 0x00007f76540b21d0


---------------  P R O C E S S  ---------------

Threads class SMR info:
_java_thread_list=0x00007f75c0058fa0, length=28, elements={
0x00007f7654026690, 0x00007f76540a64d0, 0x00007f76540a7910, 0x00007f76540ae040,
0x00007f76540af3f0, 0x00007f76540b07e0, 0x00007f76540b21d0, 0x00007f76540b36e0,
0x00007f76540b4b30, 0x00007f76540e7a60, 0x00007f765412faa0, 0x00007f7654340090,
0x00007f76543733e0, 0x00007f76543752e0, 0x00007f765463a310, 0x00007f75e8017160,
0x00007f75e82a46e0, 0x00007f75dc0010d0, 0x00007f75e8487000, 0x00007f75e85f1d40,
0x00007f76544b2170, 0x00007f76543ea3a0, 0x00007f75c0001130, 0x00007f75c41c4890,
0x00007f75c41c6de0, 0x00007f75d0122850, 0x00007f75d002a460, 0x00007f75c0033020
}

Java Threads: ( => current thread )
  0x00007f7654026690 JavaThread "main" [_thread_blocked, id=63, stack(0x00007f7659598000,0x00007f7659698000)]
  0x00007f76540a64d0 JavaThread "Reference Handler" daemon [_thread_blocked, id=66, stack(0x00007f763a1fe000,0x00007f763a2fe000)]
  0x00007f76540a7910 JavaThread "Finalizer" daemon [_thread_blocked, id=67, stack(0x00007f763a0fe000,0x00007f763a1fe000)]
  0x00007f76540ae040 JavaThread "Signal Dispatcher" daemon [_thread_blocked, id=68, stack(0x00007f7639d18000,0x00007f7639e18000)]
  0x00007f76540af3f0 JavaThread "Service Thread" daemon [_thread_blocked, id=69, stack(0x00007f7639c18000,0x00007f7639d18000)]
  0x00007f76540b07e0 JavaThread "Monitor Deflation Thread" daemon [_thread_blocked, id=70, stack(0x00007f7639b18000,0x00007f7639c18000)]
=>0x00007f76540b21d0 JavaThread "JVMCI-native CompilerThread0" daemon [_thread_in_vm, id=71, stack(0x00007f7639918000,0x00007f7639b18000)]
  0x00007f76540b36e0 JavaThread "C1 CompilerThread0" daemon [_thread_blocked, id=72, stack(0x00007f7639718000,0x00007f7639918000)]
  0x00007f76540b4b30 JavaThread "Sweeper thread" daemon [_thread_blocked, id=73, stack(0x00007f7639618000,0x00007f7639718000)]
  0x00007f76540e7a60 JavaThread "Common-Cleaner" daemon [_thread_blocked, id=74, stack(0x00007f7639518000,0x00007f7639618000)]
  0x00007f765412faa0 JavaThread "Notification Thread" daemon [_thread_blocked, id=75, stack(0x00007f7639418000,0x00007f7639518000)]
  0x00007f7654340090 JavaThread "Active Thread: Equinox Container: e8f94dd2-f52a-421d-952b-ff326c20535e" [_thread_blocked, id=89, stack(0x00007f7638000000,0x00007f7638100000)]
  0x00007f76543733e0 JavaThread "Framework Event Dispatcher: Equinox Container: e8f94dd2-f52a-421d-952b-ff326c20535e" daemon [_thread_blocked, id=90, stack(0x00007f7601b00000,0x00007f7601c00000)]
  0x00007f76543752e0 JavaThread "Start Level: Equinox Container: e8f94dd2-f52a-421d-952b-ff326c20535e" daemon [_thread_blocked, id=91, stack(0x00007f7601900000,0x00007f7601a00000)]
  0x00007f765463a310 JavaThread "Refresh Thread: Equinox Container: e8f94dd2-f52a-421d-952b-ff326c20535e" daemon [_thread_blocked, id=92, stack(0x00007f7601700000,0x00007f7601800000)]
  0x00007f75e8017160 JavaThread "SCR Component Actor" daemon [_thread_blocked, id=103, stack(0x00007f7601500000,0x00007f7601600000)]
  0x00007f75e82a46e0 JavaThread "Worker-JM" [_thread_blocked, id=125, stack(0x00007f7601100000,0x00007f7601200000)]
  0x00007f75dc0010d0 JavaThread "Worker-1: Publish Diagnostics" [_thread_blocked, id=136, stack(0x00007f7600f00000,0x00007f7601000000)]
  0x00007f75e8487000 JavaThread "Java indexing" daemon [_thread_blocked, id=138, stack(0x00007f7600d00000,0x00007f7600e00000)]
  0x00007f75e85f1d40 JavaThread "Bundle File Closer" daemon [_thread_blocked, id=146, stack(0x00007f7600b00000,0x00007f7600c00000)]
  0x00007f76544b2170 JavaThread "pool-3-thread-1" [_thread_blocked, id=166, stack(0x00007f7600900000,0x00007f7600a00000)]
  0x00007f76543ea3a0 JavaThread "pool-2-thread-1" [_thread_blocked, id=173, stack(0x00007f7600700000,0x00007f7600800000)]
  0x00007f75c0001130 JavaThread "Worker-3: Java indexing... " [_thread_blocked, id=175, stack(0x00007f7600500000,0x00007f7600600000)]
  0x00007f75c41c4890 JavaThread "Thread-4" [_thread_blocked, id=719, stack(0x00007f7601000000,0x00007f7601100000)]
  0x00007f75c41c6de0 JavaThread "Thread-6" [_thread_blocked, id=729, stack(0x00007f7600300000,0x00007f7600400000)]
  0x00007f75d0122850 JavaThread "Worker-7" [_thread_blocked, id=730, stack(0x00007f7601300000,0x00007f7601400000)]
  0x00007f75d002a460 JavaThread "Worker-8: Compacting resource model" [_thread_blocked, id=830, stack(0x00007f7601a00000,0x00007f7601b00000)]
  0x00007f75c0033020 JavaThread "Worker-9" [_thread_blocked, id=1279, stack(0x00007f7600100000,0x00007f7600200000)]

Other Threads:
  0x00007f76540a1c10 VMThread "VM Thread" [stack: 0x00007f763a300000,0x00007f763a400000] [id=65] _threads_hazard_ptr=0x00007f75c0058fa0
  0x00007f7654131440 WatcherThread [stack: 0x00007f7639318000,0x00007f7639418000] [id=76]
  0x00007f765403df30 GCTaskThread "GC Thread#0" [stack: 0x00007f765915b000,0x00007f765925b000] [id=64]

Threads with active compile tasks:
JVMCI-native CompilerThread0  1009074 7950       4       org.eclipse.jdt.internal.compiler.parser.Scanner::getNextToken (179 bytes)

VM state: synchronizing (normal execution)

VM Mutex/Monitor currently owned by a thread:  ([mutex/lock_event])
[0x00007f7654023840] Threads_lock - owner thread: 0x00007f76540a1c10
[0x00007f7654023ff0] Heap_lock - owner thread: 0x00007f75c0001130

OutOfMemory and StackOverflow Exception counts:
OutOfMemoryError java_heap_errors=2
LinkageErrors=50

Heap address: 0x00000000e0000000, size: 512 MB, Compressed Oops mode: 32-bit

CDS archive(s) mapped at: [0x0000000800000000-0x0000000800bc8000-0x0000000800bc8000), size 12353536, SharedBaseAddress: 0x0000000800000000, ArchiveRelocationMode: 0.
Compressed class space mapped at: 0x0000000800c00000-0x0000000840c00000, reserved size: 1073741824
Narrow klass base: 0x0000000800000000, Narrow klass shift: 0, Narrow klass range: 0x100000000

GC Precious Log:
 CPUs: 8 total, 1 available
 Memory: 1024M
 Large Page Support: Disabled
 NUMA Support: Disabled
 Compressed Oops: Enabled (32-bit)
 Alignments: Space 512K, Generation 512K, Heap 2M
 Heap Min Capacity: 100M
 Heap Initial Capacity: 100M
 Heap Max Capacity: 512M
 Pre-touch: Disabled
 Parallel Workers: 1

Heap:
 PSYoungGen      total 37888K, used 28160K [0x00000000f5580000, 0x00000000f8600000, 0x0000000100000000)
  eden space 28160K, 100% used [0x00000000f5580000,0x00000000f7100000,0x00000000f7100000)
  from space 9728K, 0% used [0x00000000f7b80000,0x00000000f7b80000,0x00000000f8500000)
  to   space 10240K, 0% used [0x00000000f7100000,0x00000000f7100000,0x00000000f7b00000)
 ParOldGen       total 349696K, used 349695K [0x00000000e0000000, 0x00000000f5580000, 0x00000000f5580000)
  object space 349696K, 99% used [0x00000000e0000000,0x00000000f557fcc0,0x00000000f5580000)
 Metaspace       used 54218K, committed 55040K, reserved 1105920K
  class space    used 5414K, committed 5824K, reserved 1048576K

Card table byte_map: [0x00007f765925b000,0x00007f765935c000] _byte_map_base: 0x00007f7658b5b000

Marking Bits: (ParMarkBitMap*) 0x00007f765a9ab4c0
 Begin Bits: [0x00007f76580ae000, 0x00007f76588ae000)
 End Bits:   [0x00007f76588ae000, 0x00007f76590ae000)

Polling page: 0x00007f7659575000

Metaspace:

Usage:
  Non-class:     47.66 MB used.
      Class:      5.29 MB used.
       Both:     52.95 MB used.

Virtual space:
  Non-class space:       56.00 MB reserved,      48.06 MB ( 86%) committed,  7 nodes.
      Class space:        1.00 GB reserved,       5.69 MB ( <1%) committed,  1 nodes.
             Both:        1.05 GB reserved,      53.75 MB (  5%) committed. 

Chunk freelists:
   Non-Class:  3.78 MB
       Class:  2.37 MB
        Both:  6.15 MB

MaxMetaspaceSize: unlimited
CompressedClassSpaceSize: 1.00 GB
Initial GC threshold: 21.00 MB
Current GC threshold: 89.50 MB
CDS: on
MetaspaceReclaimPolicy: balanced
 - commit_granule_bytes: 65536.
 - commit_granule_words: 8192.
 - virtual_space_node_default_size: 1048576.
 - enlarge_chunks_in_place: 1.
 - new_chunks_are_fully_committed: 0.
 - uncommit_free_chunks: 1.
 - use_allocation_guard: 0.
 - handle_deallocations: 1.


Internal statistics:

num_allocs_failed_limit: 8.
num_arena_births: 366.
num_arena_deaths: 76.
num_vsnodes_births: 8.
num_vsnodes_deaths: 0.
num_space_committed: 859.
num_space_uncommitted: 0.
num_chunks_returned_to_freelist: 107.
num_chunks_taken_from_freelist: 2410.
num_chunk_merges: 36.
num_chunk_splits: 1570.
num_chunks_enlarged: 1022.
num_purges: 12.
num_inconsistent_stats: 0.

CodeHeap 'non-profiled nmethods': size=120036Kb used=2360Kb max_used=2380Kb free=117675Kb
 bounds [0x00007f7642f7a000, 0x00007f76431ea000, 0x00007f764a4b3000]
CodeHeap 'profiled nmethods': size=120032Kb used=12478Kb max_used=14500Kb free=107553Kb
 bounds [0x00007f763ba42000, 0x00007f763c872000, 0x00007f7642f7a000]
CodeHeap 'non-nmethods': size=5692Kb used=1376Kb max_used=1382Kb free=4315Kb
 bounds [0x00007f763b4b3000, 0x00007f763b723000, 0x00007f763ba42000]
 total_blobs=6611 nmethods=5903 adapters=605
 compilation: enabled
              stopped_count=0, restarted_count=0
 full_count=0

JVMCI Events (20 events):
Event: 561.844 Thread 0x00007f76540b21d0 destroyed JavaVM[6]@0x00007f75ff79e340 for JVMCI runtime 0
Event: 561.844 Thread 0x00007f76540b21d0 compacted oop handles in JVMCI runtime 0 from 65 to 65
Event: 561.844 Thread 0x00007f76540b21d0 releasing handles for JVMCI runtime 0: oop handles=65, metadata handles={total=106, live=103, blocks=41}
Event: 561.844 Thread 0x00007f76540b21d0 detached from JVMCI runtime 0
Event: 719.592 Thread 0x00007f76540b21d0 attached to JVMCI runtime 0
Event: 719.593 Thread 0x00007f76540b21d0 created JavaVM[7]@0x00007f75ff79e340 for JVMCI runtime 0
Event: 720.945 Thread 0x00007f76540b21d0 initializing JVMCI runtime 0
Event: 720.945 Thread 0x00007f76540b21d0 done waiting for JavaVM references initialization in JVMCI runtime 0
Event: 744.392 Thread 0x00007f76540b21d0 initialized JVMCI runtime 0
Event: 745.663 Thread 0x00007f76540b21d0 detaching from JVMCI runtime 0: releasing idle compiler thread (0 other threads still attached)
Event: 745.663 Thread 0x00007f76540b21d0 shutting down HotSpotJVMCIRuntime for JVMCI runtime 0
Event: 745.663 Thread 0x00007f76540b21d0 shut down JVMCI runtime 0
Event: 746.874 Thread 0x00007f76540b21d0 destroyed JavaVM[7]@0x00007f75ff79e340 for JVMCI runtime 0
Event: 746.874 Thread 0x00007f76540b21d0 compacted oop handles in JVMCI runtime 0 from 42 to 42
Event: 746.874 Thread 0x00007f76540b21d0 releasing handles for JVMCI runtime 0: oop handles=42, metadata handles={total=86, live=75, blocks=41}
Event: 746.874 Thread 0x00007f76540b21d0 detached from JVMCI runtime 0
Event: 974.865 Thread 0x00007f76540b21d0 attached to JVMCI runtime 0
Event: 974.866 Thread 0x00007f76540b21d0 created JavaVM[8]@0x00007f75ff79e340 for JVMCI runtime 0
Event: 974.866 Thread 0x00007f76540b21d0 initializing JVMCI runtime 0
Event: 974.866 Thread 0x00007f76540b21d0 done waiting for JavaVM references initialization in JVMCI runtime 0

Compilation events (20 events):
Event: 758.587 Thread 0x00007f76540b36e0 nmethod 7944 0x00007f763c4b6b10 code [0x00007f763c4b6ce0, 0x00007f763c4b7010]
Event: 758.587 Thread 0x00007f76540b36e0 7945       3       java.util.concurrent.ScheduledThreadPoolExecutor::canRunInCurrentRunState (61 bytes)
Event: 758.587 Thread 0x00007f76540b36e0 nmethod 7945 0x00007f763bb98510 code [0x00007f763bb98720, 0x00007f763bb991c0]
Event: 759.979 Thread 0x00007f76540b36e0 7946       3       org.eclipse.jdt.core.dom.ASTVisitor::preVisit2 (7 bytes)
Event: 759.979 Thread 0x00007f76540b36e0 nmethod 7946 0x00007f763bf9fc90 code [0x00007f763bf9fe40, 0x00007f763bfa0160]
Event: 762.794 Thread 0x00007f76540b36e0 7947       3       org.eclipse.jdt.core.dom.SimpleName::accept0 (12 bytes)
Event: 762.794 Thread 0x00007f76540b36e0 nmethod 7947 0x00007f763bd86090 code [0x00007f763bd86240, 0x00007f763bd86790]
Event: 821.358 Thread 0x00007f76540b36e0 7948       3       jdk.internal.misc.Unsafe::putReferenceOpaque (9 bytes)
Event: 821.358 Thread 0x00007f76540b36e0 nmethod 7948 0x00007f763c40b710 code [0x00007f763c40b8a0, 0x00007f763c40b9d0]
Event: 829.047 Thread 0x00007f76540b36e0 7949       3       org.eclipse.jdt.core.dom.ASTVisitor::postVisit (1 bytes)
Event: 830.382 Thread 0x00007f76540b36e0 nmethod 7949 0x00007f763c433110 code [0x00007f763c4332a0, 0x00007f763c4333b0]
Event: 974.865 Thread 0x00007f76540b21d0 7950       4       org.eclipse.jdt.internal.compiler.parser.Scanner::getNextToken (179 bytes)
Event: 989.953 Thread 0x00007f76540b36e0 7951       3       java.text.FieldPosition::<init> (25 bytes)
Event: 989.953 Thread 0x00007f76540b36e0 nmethod 7951 0x00007f763c2af790 code [0x00007f763c2af940, 0x00007f763c2afab0]
Event: 992.356 Thread 0x00007f76540b36e0 7954       3       java.text.MessageFormat::subformat (542 bytes)
Event: 992.361 Thread 0x00007f76540b36e0 nmethod 7954 0x00007f763c80cf10 code [0x00007f763c80d560, 0x00007f763c8133c0]
Event: 992.361 Thread 0x00007f76540b36e0 7953       3       org.eclipse.jdt.internal.compiler.parser.Parser::getTypeReference (551 bytes)
Event: 992.362 Thread 0x00007f76540b36e0 nmethod 7953 0x00007f763c4e7210 code [0x00007f763c4e7520, 0x00007f763c4e93d0]
Event: 992.362 Thread 0x00007f76540b36e0 7952       3       java.text.MessageFormat::format (12 bytes)
Event: 992.362 Thread 0x00007f76540b36e0 nmethod 7952 0x00007f763c1d4690 code [0x00007f763c1d4840, 0x00007f763c1d4be0]

GC Heap History (20 events):
Event: 997.077 GC heap before
{Heap before GC invocations=902 (full 735):
 PSYoungGen      total 37888K, used 28160K [0x00000000f5580000, 0x00000000f8600000, 0x0000000100000000)
  eden space 28160K, 100% used [0x00000000f5580000,0x00000000f7100000,0x00000000f7100000)
  from space 9728K, 0% used [0x00000000f7b80000,0x00000000f7b80000,0x00000000f8500000)
  to   space 10240K, 0% used [0x00000000f7100000,0x00000000f7100000,0x00000000f7b00000)
 ParOldGen       total 349696K, used 349695K [0x00000000e0000000, 0x00000000f5580000, 0x00000000f5580000)
  object space 349696K, 99% used [0x00000000e0000000,0x00000000f557fca0,0x00000000f5580000)
 Metaspace       used 54218K, committed 55040K, reserved 1105920K
  class space    used 5414K, committed 5824K, reserved 1048576K
}
Event: 998.247 GC heap after
{Heap after GC invocations=902 (full 735):
 PSYoungGen      total 38400K, used 28159K [0x00000000f5580000, 0x00000000f8600000, 0x0000000100000000)
  eden space 28160K, 99% used [0x00000000f5580000,0x00000000f70fffd0,0x00000000f7100000)
  from space 10240K, 0% used [0x00000000f7100000,0x00000000f7100000,0x00000000f7b00000)
  to   space 9728K, 0% used [0x00000000f7b80000,0x00000000f7b80000,0x00000000f8500000)
 ParOldGen       total 349696K, used 349694K [0x00000000e0000000, 0x00000000f5580000, 0x00000000f5580000)
  object space 349696K, 99% used [0x00000000e0000000,0x00000000f557faf8,0x00000000f5580000)
 Metaspace       used 54218K, committed 55040K, reserved 1105920K
  class space    used 5414K, committed 5824K, reserved 1048576K
}
Event: 998.248 GC heap before
{Heap before GC invocations=903 (full 736):
 PSYoungGen      total 38400K, used 28159K [0x00000000f5580000, 0x00000000f8600000, 0x0000000100000000)
  eden space 28160K, 99% used [0x00000000f5580000,0x00000000f70ffff0,0x00000000f7100000)
  from space 10240K, 0% used [0x00000000f7100000,0x00000000f7100000,0x00000000f7b00000)
  to   space 9728K, 0% used [0x00000000f7b80000,0x00000000f7b80000,0x00000000f8500000)
 ParOldGen       total 349696K, used 349695K [0x00000000e0000000, 0x00000000f5580000, 0x00000000f5580000)
  object space 349696K, 99% used [0x00000000e0000000,0x00000000f557fff8,0x00000000f5580000)
 Metaspace       used 54218K, committed 55040K, reserved 1105920K
  class space    used 5414K, committed 5824K, reserved 1048576K
}
Event: 999.375 GC heap after
{Heap after GC invocations=903 (full 736):
 PSYoungGen      total 37888K, used 28159K [0x00000000f5580000, 0x00000000f8600000, 0x0000000100000000)
  eden space 28160K, 99% used [0x00000000f5580000,0x00000000f70fffd8,0x00000000f7100000)
  from space 9728K, 0% used [0x00000000f7b80000,0x00000000f7b80000,0x00000000f8500000)
  to   space 10240K, 0% used [0x00000000f7100000,0x00000000f7100000,0x00000000f7b00000)
 ParOldGen       total 349696K, used 349695K [0x00000000e0000000, 0x00000000f5580000, 0x00000000f5580000)
  object space 349696K, 99% used [0x00000000e0000000,0x00000000f557fe98,0x00000000f5580000)
 Metaspace       used 54218K, committed 55040K, reserved 1105920K
  class space    used 5414K, committed 5824K, reserved 1048576K
}
Event: 999.376 GC heap before
{Heap before GC invocations=904 (full 737):
 PSYoungGen      total 37888K, used 28159K [0x00000000f5580000, 0x00000000f8600000, 0x0000000100000000)
  eden space 28160K, 99% used [0x00000000f5580000,0x00000000f70ffff8,0x00000000f7100000)
  from space 9728K, 0% used [0x00000000f7b80000,0x00000000f7b80000,0x00000000f8500000)
  to   space 10240K, 0% used [0x00000000f7100000,0x00000000f7100000,0x00000000f7b00000)
 ParOldGen       total 349696K, used 349695K [0x00000000e0000000, 0x00000000f5580000, 0x00000000f5580000)
  object space 349696K, 99% used [0x00000000e0000000,0x00000000f557fff8,0x00000000f5580000)
 Metaspace       used 54218K, committed 55040K, reserved 1105920K
  class space    used 5414K, committed 5824K, reserved 1048576K
}
Event: 1000.579 GC heap after
{Heap after GC invocations=904 (full 737):
 PSYoungGen      total 38400K, used 28159K [0x00000000f5580000, 0x00000000f8600000, 0x0000000100000000)
  eden space 28160K, 99% used [0x00000000f5580000,0x00000000f70fffe0,0x00000000f7100000)
  from space 10240K, 0% used [0x00000000f7100000,0x00000000f7100000,0x00000000f7b00000)
  to   space 9728K, 0% used [0x00000000f7b80000,0x00000000f7b80000,0x00000000f8500000)
 ParOldGen       total 349696K, used 349695K [0x00000000e0000000, 0x00000000f5580000, 0x00000000f5580000)
  object space 349696K, 99% used [0x00000000e0000000,0x00000000f557fed8,0x00000000f5580000)
 Metaspace       used 54218K, committed 55040K, reserved 1105920K
  class space    used 5414K, committed 5824K, reserved 1048576K
}
Event: 1000.579 GC heap before
{Heap before GC invocations=905 (full 738):
 PSYoungGen      total 38400K, used 28160K [0x00000000f5580000, 0x00000000f8600000, 0x0000000100000000)
  eden space 28160K, 100% used [0x00000000f5580000,0x00000000f7100000,0x00000000f7100000)
  from space 10240K, 0% used [0x00000000f7100000,0x00000000f7100000,0x00000000f7b00000)
  to   space 9728K, 0% used [0x00000000f7b80000,0x00000000f7b80000,0x00000000f8500000)
 ParOldGen       total 349696K, used 349695K [0x00000000e0000000, 0x00000000f5580000, 0x00000000f5580000)
  object space 349696K, 99% used [0x00000000e0000000,0x00000000f557fed8,0x00000000f5580000)
 Metaspace       used 54218K, committed 55040K, reserved 1105920K
  class space    used 5414K, committed 5824K, reserved 1048576K
}
Event: 1001.770 GC heap after
{Heap after GC invocations=905 (full 738):
 PSYoungGen      total 37888K, used 28159K [0x00000000f5580000, 0x00000000f8600000, 0x0000000100000000)
  eden space 28160K, 99% used [0x00000000f5580000,0x00000000f70fffc0,0x00000000f7100000)
  from space 9728K, 0% used [0x00000000f7b80000,0x00000000f7b80000,0x00000000f8500000)
  to   space 10240K, 0% used [0x00000000f7100000,0x00000000f7100000,0x00000000f7b00000)
 ParOldGen       total 349696K, used 349695K [0x00000000e0000000, 0x00000000f5580000, 0x00000000f5580000)
  object space 349696K, 99% used [0x00000000e0000000,0x00000000f557fed8,0x00000000f5580000)
 Metaspace       used 54218K, committed 55040K, reserved 1105920K
  class space    used 5414K, committed 5824K, reserved 1048576K
}
Event: 1001.770 GC heap before
{Heap before GC invocations=906 (full 739):
 PSYoungGen      total 37888K, used 28159K [0x00000000f5580000, 0x00000000f8600000, 0x0000000100000000)
  eden space 28160K, 99% used [0x00000000f5580000,0x00000000f70ffff8,0x00000000f7100000)
  from space 9728K, 0% used [0x00000000f7b80000,0x00000000f7b80000,0x00000000f8500000)
  to   space 10240K, 0% used [0x00000000f7100000,0x00000000f7100000,0x00000000f7b00000)
 ParOldGen       total 349696K, used 349695K [0x00000000e0000000, 0x00000000f5580000, 0x00000000f5580000)
  object space 349696K, 99% used [0x00000000e0000000,0x00000000f557fed8,0x00000000f5580000)
 Metaspace       used 54218K, committed 55040K, reserved 1105920K
  class space    used 5414K, committed 5824K, reserved 1048576K
}
Event: 1002.887 GC heap after
{Heap after GC invocations=906 (full 739):
 PSYoungGen      total 38400K, used 28159K [0x00000000f5580000, 0x00000000f8600000, 0x0000000100000000)
  eden space 28160K, 99% used [0x00000000f5580000,0x00000000f70ffff8,0x00000000f7100000)
  from space 10240K, 0% used [0x00000000f7100000,0x00000000f7100000,0x00000000f7b00000)
  to   space 9728K, 0% used [0x00000000f7b80000,0x00000000f7b80000,0x00000000f8500000)
 ParOldGen       total 349696K, used 349695K [0x00000000e0000000, 0x00000000f5580000, 0x00000000f5580000)
  object space 349696K, 99% used [0x00000000e0000000,0x00000000f557fed8,0x00000000f5580000)
 Metaspace       used 54218K, committed 55040K, reserved 1105920K
  class space    used 5414K, committed 5824K, reserved 1048576K
}
Event: 1002.887 GC heap before
{Heap before GC invocations=907 (full 740):
 PSYoungGen      total 38400K, used 28159K [0x00000000f5580000, 0x00000000f8600000, 0x0000000100000000)
  eden space 28160K, 99% used [0x00000000f5580000,0x00000000f70ffff8,0x00000000f7100000)
  from space 10240K, 0% used [0x00000000f7100000,0x00000000f7100000,0x00000000f7b00000)
  to   space 9728K, 0% used [0x00000000f7b80000,0x00000000f7b80000,0x00000000f8500000)
 ParOldGen       total 349696K, used 349695K [0x00000000e0000000, 0x00000000f5580000, 0x00000000f5580000)
  object space 349696K, 99% used [0x00000000e0000000,0x00000000f557fff8,0x00000000f5580000)
 Metaspace       used 54218K, committed 55040K, reserved 1105920K
  class space    used 5414K, committed 5824K, reserved 1048576K
}
Event: 1004.044 GC heap after
{Heap after GC invocations=907 (full 740):
 PSYoungGen      total 37888K, used 28159K [0x00000000f5580000, 0x00000000f8600000, 0x0000000100000000)
  eden space 28160K, 99% used [0x00000000f5580000,0x00000000f70fff90,0x00000000f7100000)
  from space 9728K, 0% used [0x00000000f7b80000,0x00000000f7b80000,0x00000000f8500000)
  to   space 10240K, 0% used [0x00000000f7100000,0x00000000f7100000,0x00000000f7b00000)
 ParOldGen       total 349696K, used 349695K [0x00000000e0000000, 0x00000000f5580000, 0x00000000f5580000)
  object space 349696K, 99% used [0x00000000e0000000,0x00000000f557ffd8,0x00000000f5580000)
 Metaspace       used 54218K, committed 55040K, reserved 1105920K
  class space    used 5414K, committed 5824K, reserved 1048576K
}
Event: 1004.046 GC heap before
{Heap before GC invocations=908 (full 741):
 PSYoungGen      total 37888K, used 28159K [0x00000000f5580000, 0x00000000f8600000, 0x0000000100000000)
  eden space 28160K, 99% used [0x00000000f5580000,0x00000000f70ffff0,0x00000000f7100000)
  from space 9728K, 0% used [0x00000000f7b80000,0x00000000f7b80000,0x00000000f8500000)
  to   space 10240K, 0% used [0x00000000f7100000,0x00000000f7100000,0x00000000f7b00000)
 ParOldGen       total 349696K, used 349695K [0x00000000e0000000, 0x00000000f5580000, 0x00000000f5580000)
  object space 349696K, 99% used [0x00000000e0000000,0x00000000f557ffd8,0x00000000f5580000)
 Metaspace       used 54218K, committed 55040K, reserved 1105920K
  class space    used 5414K, committed 5824K, reserved 1048576K
}
Event: 1005.258 GC heap after
{Heap after GC invocations=908 (full 741):
 PSYoungGen      total 38400K, used 28159K [0x00000000f5580000, 0x00000000f8600000, 0x0000000100000000)
  eden space 28160K, 99% used [0x00000000f5580000,0x00000000f70fff90,0x00000000f7100000)
  from space 10240K, 0% used [0x00000000f7100000,0x00000000f7100000,0x00000000f7b00000)
  to   space 9728K, 0% used [0x00000000f7b80000,0x00000000f7b80000,0x00000000f8500000)
 ParOldGen       total 349696K, used 349695K [0x00000000e0000000, 0x00000000f5580000, 0x00000000f5580000)
  object space 349696K, 99% used [0x00000000e0000000,0x00000000f557ffd8,0x00000000f5580000)
 Metaspace       used 54218K, committed 55040K, reserved 1105920K
  class space    used 5414K, committed 5824K, reserved 1048576K
}
Event: 1005.259 GC heap before
{Heap before GC invocations=909 (full 742):
 PSYoungGen      total 38400K, used 28159K [0x00000000f5580000, 0x00000000f8600000, 0x0000000100000000)
  eden space 28160K, 99% used [0x00000000f5580000,0x00000000f70fffa8,0x00000000f7100000)
  from space 10240K, 0% used [0x00000000f7100000,0x00000000f7100000,0x00000000f7b00000)
  to   space 9728K, 0% used [0x00000000f7b80000,0x00000000f7b80000,0x00000000f8500000)
 ParOldGen       total 349696K, used 349695K [0x00000000e0000000, 0x00000000f5580000, 0x00000000f5580000)
  object space 349696K, 99% used [0x00000000e0000000,0x00000000f557ffd8,0x00000000f5580000)
 Metaspace       used 54218K, committed 55040K, reserved 1105920K
  class space    used 5414K, committed 5824K, reserved 1048576K
}
Event: 1006.388 GC heap after
{Heap after GC invocations=909 (full 742):
 PSYoungGen      total 37888K, used 28159K [0x00000000f5580000, 0x00000000f8600000, 0x0000000100000000)
  eden space 28160K, 99% used [0x00000000f5580000,0x00000000f70fffa8,0x00000000f7100000)
  from space 9728K, 0% used [0x00000000f7b80000,0x00000000f7b80000,0x00000000f8500000)
  to   space 10240K, 0% used [0x00000000f7100000,0x00000000f7100000,0x00000000f7b00000)
 ParOldGen       total 349696K, used 349695K [0x00000000e0000000, 0x00000000f5580000, 0x00000000f5580000)
  object space 349696K, 99% used [0x00000000e0000000,0x00000000f557ffd8,0x00000000f5580000)
 Metaspace       used 54218K, committed 55040K, reserved 1105920K
  class space    used 5414K, committed 5824K, reserved 1048576K
}
Event: 1006.388 GC heap before
{Heap before GC invocations=910 (full 743):
 PSYoungGen      total 37888K, used 28159K [0x00000000f5580000, 0x00000000f8600000, 0x0000000100000000)
  eden space 28160K, 99% used [0x00000000f5580000,0x00000000f70fffa8,0x00000000f7100000)
  from space 9728K, 0% used [0x00000000f7b80000,0x00000000f7b80000,0x00000000f8500000)
  to   space 10240K, 0% used [0x00000000f7100000,0x00000000f7100000,0x00000000f7b00000)
 ParOldGen       total 349696K, used 349695K [0x00000000e0000000, 0x00000000f5580000, 0x00000000f5580000)
  object space 349696K, 99% used [0x00000000e0000000,0x00000000f557ffd8,0x00000000f5580000)
 Metaspace       used 54218K, committed 55040K, reserved 1105920K
  class space    used 5414K, committed 5824K, reserved 1048576K
}
Event: 1007.683 GC heap after
{Heap after GC invocations=910 (full 743):
 PSYoungGen      total 38400K, used 28159K [0x00000000f5580000, 0x00000000f8600000, 0x0000000100000000)
  eden space 28160K, 99% used [0x00000000f5580000,0x00000000f70fffa8,0x00000000f7100000)
  from space 10240K, 0% used [0x00000000f7100000,0x00000000f7100000,0x00000000f7b00000)
  to   space 9728K, 0% used [0x00000000f7b80000,0x00000000f7b80000,0x00000000f8500000)
 ParOldGen       total 349696K, used 349695K [0x00000000e0000000, 0x00000000f5580000, 0x00000000f5580000)
  object space 349696K, 99% used [0x00000000e0000000,0x00000000f557ffd8,0x00000000f5580000)
 Metaspace       used 54218K, committed 55040K, reserved 1105920K
  class space    used 5414K, committed 5824K, reserved 1048576K
}
Event: 1007.683 GC heap before
{Heap before GC invocations=911 (full 744):
 PSYoungGen      total 38400K, used 28159K [0x00000000f5580000, 0x00000000f8600000, 0x0000000100000000)
  eden space 28160K, 99% used [0x00000000f5580000,0x00000000f70ffff0,0x00000000f7100000)
  from space 10240K, 0% used [0x00000000f7100000,0x00000000f7100000,0x00000000f7b00000)
  to   space 9728K, 0% used [0x00000000f7b80000,0x00000000f7b80000,0x00000000f8500000)
 ParOldGen       total 349696K, used 349695K [0x00000000e0000000, 0x00000000f5580000, 0x00000000f5580000)
  object space 349696K, 99% used [0x00000000e0000000,0x00000000f557fff0,0x00000000f5580000)
 Metaspace       used 54218K, committed 55040K, reserved 1105920K
  class space    used 5414K, committed 5824K, reserved 1048576K
}
Event: 1008.947 GC heap after
{Heap after GC invocations=911 (full 744):
 PSYoungGen      total 37888K, used 28159K [0x00000000f5580000, 0x00000000f8600000, 0x0000000100000000)
  eden space 28160K, 99% used [0x00000000f5580000,0x00000000f70fffc0,0x00000000f7100000)
  from space 9728K, 0% used [0x00000000f7b80000,0x00000000f7b80000,0x00000000f8500000)
  to   space 10240K, 0% used [0x00000000f7100000,0x00000000f7100000,0x00000000f7b00000)
 ParOldGen       total 349696K, used 349695K [0x00000000e0000000, 0x00000000f5580000, 0x00000000f5580000)
  object space 349696K, 99% used [0x00000000e0000000,0x00000000f557fcc0,0x00000000f5580000)
 Metaspace       used 54218K, committed 55040K, reserved 1105920K
  class space    used 5414K, committed 5824K, reserved 1048576K
}

Dll operation events (9 events):
Event: 0.002 Loaded shared library /nix/store/gpxl5qgg8kicmcvivwmybwjlpf7wh20l-graalvm17-ce-22.3.0/lib/libjava.so
Event: 0.007 Loaded shared library /nix/store/gpxl5qgg8kicmcvivwmybwjlpf7wh20l-graalvm17-ce-22.3.0/lib/libjsvml.so
Event: 0.163 Loaded shared library /nix/store/gpxl5qgg8kicmcvivwmybwjlpf7wh20l-graalvm17-ce-22.3.0/lib/libnio.so
Event: 0.165 Loaded shared library /nix/store/gpxl5qgg8kicmcvivwmybwjlpf7wh20l-graalvm17-ce-22.3.0/lib/libjvmcicompiler.so
Event: 0.168 Loaded shared library /nix/store/gpxl5qgg8kicmcvivwmybwjlpf7wh20l-graalvm17-ce-22.3.0/lib/libzip.so
Event: 0.546 Loaded shared library /nix/store/gpxl5qgg8kicmcvivwmybwjlpf7wh20l-graalvm17-ce-22.3.0/lib/libjimage.so
Event: 1.962 Loaded shared library /nix/store/gpxl5qgg8kicmcvivwmybwjlpf7wh20l-graalvm17-ce-22.3.0/lib/libnet.so
Event: 4.156 Loaded shared library /home/runner/.cache/jdt-language-server/config/org.eclipse.equinox.launcher/org.eclipse.equinox.launcher.gtk.linux.x86_64_1.2.400.v20211117-0650/eclipse_11600.so
Event: 12.964 Loaded shared library /nix/store/gpxl5qgg8kicmcvivwmybwjlpf7wh20l-graalvm17-ce-22.3.0/lib/libextnet.so

Deoptimization events (20 events):
Event: 184.398 Thread 0x00007f75dc0010d0 DEOPT PACKING pc=0x00007f7643177ba2 sp=0x00007f7600ffd700
Event: 184.398 Thread 0x00007f75dc0010d0 DEOPT UNPACKING pc=0x00007f763b505325 sp=0x00007f7600ffcba0 mode 3
Event: 185.783 Thread 0x00007f75dc0010d0 Uncommon trap: trap_request=0xffffff1c fr.pc=0x00007f764302b262 relative=0x0000000000000b82
Event: 185.783 Thread 0x00007f75dc0010d0 Uncommon trap: reason=not_compiled_exception_handler action=make_not_entrant pc=0x00007f764302b262 method=jdk.internal.jrtfs.JrtFileSystem.checkNode(Ljdk/internal/jrtfs/JrtPath;)Ljdk/internal/jimage/ImageReader$Node; @ 24 jvmci
Event: 185.783 Thread 0x00007f75dc0010d0 DEOPT PACKING pc=0x00007f764302b262 sp=0x00007f7600ffcfd0
Event: 185.783 Thread 0x00007f75dc0010d0 DEOPT UNPACKING pc=0x00007f763b505325 sp=0x00007f7600ffc430 mode 3
Event: 185.783 Thread 0x00007f75dc0010d0 DEOPT PACKING pc=0x00007f7643026304 sp=0x00007f7600ffd040
Event: 185.783 Thread 0x00007f75dc0010d0 DEOPT UNPACKING pc=0x00007f763b505325 sp=0x00007f7600ffc2f0 mode 1
Event: 185.783 Thread 0x00007f75dc0010d0 DEOPT PACKING pc=0x00007f76430a797c sp=0x00007f7600ffd070
Event: 185.783 Thread 0x00007f75dc0010d0 DEOPT UNPACKING pc=0x00007f763b505325 sp=0x00007f7600ffc3c8 mode 1
Event: 185.843 Thread 0x00007f75dc0010d0 DEOPT PACKING pc=0x00007f76430c534c sp=0x00007f7600ffce30
Event: 185.843 Thread 0x00007f75dc0010d0 DEOPT UNPACKING pc=0x00007f763b505325 sp=0x00007f7600ffc1c0 mode 1
Event: 185.843 Thread 0x00007f75dc0010d0 DEOPT PACKING pc=0x00007f76430d45c8 sp=0x00007f7600ffcf70
Event: 185.843 Thread 0x00007f75dc0010d0 DEOPT UNPACKING pc=0x00007f763b505325 sp=0x00007f7600ffc3f8 mode 1
Event: 185.844 Thread 0x00007f75dc0010d0 DEOPT PACKING pc=0x00007f76430d972c sp=0x00007f7600ffccd0
Event: 185.844 Thread 0x00007f75dc0010d0 DEOPT UNPACKING pc=0x00007f763b505325 sp=0x00007f7600ffc158 mode 1
Event: 987.464 Thread 0x00007f75e8487000 Uncommon trap: trap_request=0xffffff8f fr.pc=0x00007f7642fa5dbe relative=0x00000000000011fe
Event: 987.464 Thread 0x00007f75e8487000 Uncommon trap: reason=constraint action=none pc=0x00007f7642fa5dbe method=org.eclipse.jdt.internal.core.index.DiskIndex.copyQueryResults(Lorg/eclipse/jdt/internal/compiler/util/HashtableOfObject;I)V @ 123 jvmci
Event: 987.464 Thread 0x00007f75e8487000 DEOPT PACKING pc=0x00007f7642fa5dbe sp=0x00007f7600dfe530
Event: 987.464 Thread 0x00007f75e8487000 DEOPT UNPACKING pc=0x00007f763b505325 sp=0x00007f7600dfda28 mode 3

Classes unloaded (20 events):
Event: 158.455 Thread 0x00007f76540a1c10 Unloading class 0x0000000800ef4800 'jdk/internal/reflect/GeneratedConstructorAccessor10'
Event: 158.455 Thread 0x00007f76540a1c10 Unloading class 0x0000000800ef4400 'jdk/internal/reflect/GeneratedConstructorAccessor9'
Event: 158.455 Thread 0x00007f76540a1c10 Unloading class 0x0000000800ef4000 'jdk/internal/reflect/GeneratedConstructorAccessor8'
Event: 163.564 Thread 0x00007f76540a1c10 Unloading class 0x0000000801071400 'java/lang/invoke/LambdaForm$MH+0x0000000801071400'
Event: 163.564 Thread 0x00007f76540a1c10 Unloading class 0x0000000801071000 'java/lang/invoke/LambdaForm$MH+0x0000000801071000'
Event: 163.564 Thread 0x00007f76540a1c10 Unloading class 0x0000000801070c00 'java/lang/invoke/LambdaForm$MH+0x0000000801070c00'
Event: 163.564 Thread 0x00007f76540a1c10 Unloading class 0x0000000801070800 'java/lang/invoke/LambdaForm$MH+0x0000000801070800'
Event: 163.564 Thread 0x00007f76540a1c10 Unloading class 0x0000000801070400 'java/lang/invoke/LambdaForm$MH+0x0000000801070400'
Event: 163.564 Thread 0x00007f76540a1c10 Unloading class 0x0000000801070000 'java/lang/invoke/LambdaForm$MH+0x0000000801070000'
Event: 163.564 Thread 0x00007f76540a1c10 Unloading class 0x0000000800d98400 'java/lang/invoke/LambdaForm$MH+0x0000000800d98400'
Event: 163.564 Thread 0x00007f76540a1c10 Unloading class 0x0000000800d04000 'java/lang/invoke/LambdaForm$MH+0x0000000800d04000'
Event: 172.382 Thread 0x00007f76540a1c10 Unloading class 0x0000000801091000 'jdk/internal/reflect/GeneratedSerializationConstructorAccessor4'
Event: 172.382 Thread 0x00007f76540a1c10 Unloading class 0x0000000801090c00 'jdk/internal/reflect/GeneratedSerializationConstructorAccessor3'
Event: 172.382 Thread 0x00007f76540a1c10 Unloading class 0x0000000801090800 'jdk/internal/reflect/GeneratedSerializationConstructorAccessor2'
Event: 172.382 Thread 0x00007f76540a1c10 Unloading class 0x0000000801090400 'jdk/internal/reflect/GeneratedSerializationConstructorAccessor1'
Event: 309.058 Thread 0x00007f76540a1c10 Unloading class 0x0000000800d06800 'jdk/internal/reflect/GeneratedConstructorAccessor34'
Event: 309.058 Thread 0x00007f76540a1c10 Unloading class 0x0000000800d98000 'jdk/internal/reflect/GeneratedConstructorAccessor33'
Event: 309.058 Thread 0x00007f76540a1c10 Unloading class 0x0000000800d99000 'jdk/internal/reflect/GeneratedConstructorAccessor32'
Event: 309.058 Thread 0x00007f76540a1c10 Unloading class 0x0000000800ef4800 'jdk/internal/reflect/GeneratedConstructorAccessor31'
Event: 309.058 Thread 0x00007f76540a1c10 Unloading class 0x0000000800ef5000 'jdk/internal/reflect/GeneratedConstructorAccessor30'

Classes redefined (0 events):
No events

Internal exceptions (20 events):
Event: 29.455 Thread 0x00007f75dc035780 Exception <a 'sun/nio/fs/UnixException'{0x00000000f582ecb8}> (0x00000000f582ecb8) 
thrown [src/hotspot/share/prims/jni.cpp, line 516]
Event: 29.652 Thread 0x00007f75dc007440 Exception <a 'java/lang/NoSuchMethodError'{0x00000000f55ad8c8}: 'java.lang.Object java.lang.invoke.DirectMethodHandle$Holder.invokeStatic(java.lang.Object, java.lang.Object, java.lang.Object, long)'> (0x00000000f55ad8c8) 
thrown [src/hotspot/share/interpreter/linkResolver.cpp, line 758]
Event: 29.652 Thread 0x00007f75dc007440 Exception <a 'java/lang/NoSuchMethodError'{0x00000000f55be758}: 'java.lang.Object java.lang.invoke.DirectMethodHandle$Holder.newInvokeSpecial(java.lang.Object, java.lang.Object, java.lang.Object, long)'> (0x00000000f55be758) 
thrown [src/hotspot/share/interpreter/linkResolver.cpp, line 758]
Event: 29.653 Thread 0x00007f75dc007440 Exception <a 'java/lang/NoSuchMethodError'{0x00000000f55c3e50}: 'java.lang.Object java.lang.invoke.DirectMethodHandle$Holder.invokeSpecial(java.lang.Object, java.lang.Object, java.lang.Object, java.lang.Object, long)'> (0x00000000f55c3e50) 
thrown [src/hotspot/share/interpreter/linkResolver.cpp, line 758]
Event: 29.653 Thread 0x00007f75dc007440 Exception <a 'java/lang/NoSuchMethodError'{0x00000000f55e4988}: 'java.lang.Object java.lang.invoke.Invokers$Holder.linkToTargetMethod(java.lang.Object, java.lang.Object, long, java.lang.Object)'> (0x00000000f55e4988) 
thrown [src/hotspot/share/interpreter/linkResolver.cpp, line 758]
Event: 30.344 Thread 0x00007f76543ea3a0 Implicit null exception at 0x00007f76430d1cc3 to 0x00007f76430d1e1f
Event: 32.348 Thread 0x00007f75dc007440 Exception <a 'java/lang/NoSuchMethodError'{0x00000000f5accc80}: 'int java.lang.invoke.DirectMethodHandle$Holder.invokeStatic(java.lang.Object, java.lang.Object, java.lang.Object, int)'> (0x00000000f5accc80) 
thrown [src/hotspot/share/interpreter/linkResolver.cpp, line 758]
Event: 34.060 Thread 0x00007f75e8306f30 Exception <a 'java/lang/NoSuchMethodError'{0x00000000f5818fc8}: 'java.lang.Object java.lang.invoke.DirectMethodHandle$Holder.newInvokeSpecial(java.lang.Object, java.lang.Object, java.lang.Object, int, java.lang.Object)'> (0x00000000f5818fc8) 
thrown [src/hotspot/share/interpreter/linkResolver.cpp, line 758]
Event: 34.061 Thread 0x00007f75e8306f30 Exception <a 'java/lang/NoSuchMethodError'{0x00000000f581dcc8}: 'java.lang.Object java.lang.invoke.DirectMethodHandle$Holder.invokeSpecial(java.lang.Object, java.lang.Object, java.lang.Object, java.lang.Object, int, java.lang.Object)'> (0x00000000f581dcc8) 
thrown [src/hotspot/share/interpreter/linkResolver.cpp, line 758]
Event: 34.061 Thread 0x00007f75e8306f30 Exception <a 'java/lang/NoSuchMethodError'{0x00000000f5822300}: 'java.lang.Object java.lang.invoke.Invokers$Holder.linkToTargetMethod(java.lang.Object, java.lang.Object, int, java.lang.Object, java.lang.Object)'> (0x00000000f5822300) 
thrown [src/hotspot/share/interpreter/linkResolver.cpp, line 758]
Event: 34.147 Thread 0x00007f75e8306f30 Exception <a 'java/lang/NoSuchMethodError'{0x00000000f5672e88}: 'java.lang.Object java.lang.invoke.DirectMethodHandle$Holder.invokeStatic(java.lang.Object, java.lang.Object, int, java.lang.Object)'> (0x00000000f5672e88) 
thrown [src/hotspot/share/interpreter/linkResolver.cpp, line 758]
Event: 34.148 Thread 0x00007f75e8306f30 Exception <a 'java/lang/NoSuchMethodError'{0x00000000f5689a28}: 'java.lang.Object java.lang.invoke.DirectMethodHandle$Holder.newInvokeSpecial(java.lang.Object, java.lang.Object, int)'> (0x00000000f5689a28) 
thrown [src/hotspot/share/interpreter/linkResolver.cpp, line 758]
Event: 34.658 Thread 0x00007f75c41c3060 Exception <a 'java/lang/NoSuchMethodError'{0x00000000f55da438}: 'void java.lang.invoke.DirectMethodHandle$Holder.invokeSpecial(java.lang.Object, java.lang.Object, int)'> (0x00000000f55da438) 
thrown [src/hotspot/share/interpreter/linkResolver.cpp, line 758]
Event: 35.867 Thread 0x00007f75c41c3060 Exception <a 'java/lang/NoSuchMethodError'{0x00000000f570d5e8}: 'int java.lang.invoke.DirectMethodHandle$Holder.invokeSpecialIFC(java.lang.Object, java.lang.Object, java.lang.Object, java.lang.Object)'> (0x00000000f570d5e8) 
thrown [src/hotspot/share/interpreter/linkResolver.cpp, line 758]
Event: 40.649 Thread 0x00007f75e8487000 Implicit null exception at 0x00007f7643150592 to 0x00007f76431531b0
Event: 44.061 Thread 0x00007f75e8487000 Implicit null exception at 0x00007f7643158615 to 0x00007f7643158cfe
Event: 185.783 Thread 0x00007f75dc0010d0 Implicit null exception at 0x00007f764302ae91 to 0x00007f764302b247
Event: 987.464 Thread 0x00007f75e8487000 Exception <a 'java/lang/OutOfMemoryError'{0x00000000e0004028}> (0x00000000e0004028) 
thrown [src/hotspot/share/gc/shared/memAllocator.cpp, line 138]
Event: 987.464 Thread 0x00007f75e8487000 Implicit null exception at 0x00007f7642fa582e to 0x00007f7642fa5da3
Event: 1007.683 Thread 0x00007f76540b21d0 Exception <a 'java/lang/OutOfMemoryError'{0x00000000e00034e8}> (0x00000000e00034e8) 
thrown [src/hotspot/share/gc/shared/memAllocator.cpp, line 136]

VM Operations (20 events):
Event: 995.870 Executing VM operation: ParallelGCFailedAllocation done
Event: 995.871 Executing VM operation: ParallelGCFailedAllocation
Event: 997.077 Executing VM operation: ParallelGCFailedAllocation done
Event: 997.077 Executing VM operation: ParallelGCFailedAllocation
Event: 998.248 Executing VM operation: ParallelGCFailedAllocation done
Event: 998.248 Executing VM operation: ParallelGCFailedAllocation
Event: 999.375 Executing VM operation: ParallelGCFailedAllocation done
Event: 999.376 Executing VM operation: ParallelGCFailedAllocation
Event: 1000.579 Executing VM operation: ParallelGCFailedAllocation done
Event: 1000.579 Executing VM operation: ParallelGCFailedAllocation
Event: 1001.770 Executing VM operation: ParallelGCFailedAllocation done
Event: 1001.770 Executing VM operation: ParallelGCFailedAllocation
Event: 1002.887 Executing VM operation: ParallelGCFailedAllocation done
Event: 1002.887 Executing VM operation: ParallelGCFailedAllocation
Event: 1004.044 Executing VM operation: ParallelGCFailedAllocation done
Event: 1004.046 Executing VM operation: ParallelGCFailedAllocation
Event: 1005.258 Executing VM operation: ParallelGCFailedAllocation done
Event: 1005.258 Executing VM operation: ParallelGCFailedAllocation
Event: 1007.683 Executing VM operation: ParallelGCFailedAllocation done
Event: 1007.683 Executing VM operation: ParallelGCFailedAllocation

Events (20 events):
Event: 147.078 Thread 0x00007f75c41c4890 Thread added: 0x00007f75c41c4890
Event: 147.080 Protecting memory [0x00007f7601000000,0x00007f7601004000] with protection modes 0
Event: 147.080 Thread 0x00007f75c41c62e0 Thread added: 0x00007f75c41c62e0
Event: 147.081 Protecting memory [0x00007f7601a00000,0x00007f7601a04000] with protection modes 0
Event: 148.850 Thread 0x00007f75c41c6de0 Thread added: 0x00007f75c41c6de0
Event: 148.862 Protecting memory [0x00007f7600300000,0x00007f7600304000] with protection modes 0
Event: 148.864 Thread 0x00007f75d0122850 Thread added: 0x00007f75d0122850
Event: 148.864 Protecting memory [0x00007f7601300000,0x00007f7601304000] with protection modes 0
Event: 150.582 Thread 0x00007f75c41c62e0 Thread exited: 0x00007f75c41c62e0
Event: 165.751 Thread 0x00007f75c41c62e0 Thread added: 0x00007f75c41c62e0
Event: 165.751 Protecting memory [0x00007f7601a00000,0x00007f7601a04000] with protection modes 0
Event: 170.092 Thread 0x00007f75c41c62e0 Thread exited: 0x00007f75c41c62e0
Event: 170.143 Thread 0x00007f75c41c62e0 Thread added: 0x00007f75c41c62e0
Event: 170.143 Protecting memory [0x00007f7601a00000,0x00007f7601a04000] with protection modes 0
Event: 177.078 Thread 0x00007f75c41c62e0 Thread exited: 0x00007f75c41c62e0
Event: 179.877 Thread 0x00007f75d002a460 Thread added: 0x00007f75d002a460
Event: 179.877 Protecting memory [0x00007f7601a00000,0x00007f7601a04000] with protection modes 0
Event: 240.473 Thread 0x00007f75dc035780 Thread exited: 0x00007f75dc035780
Event: 309.531 Thread 0x00007f75c0033020 Thread added: 0x00007f75c0033020
Event: 309.531 Protecting memory [0x00007f7600100000,0x00007f7600104000] with protection modes 0


Dynamic libraries:
e0000000-f5580000 rw-p 00000000 00:00 0 
f5580000-f8600000 rw-p 00000000 00:00 0 
f8600000-100000000 ---p 00000000 00:00 0 
800000000-800449000 rw-p 00001000 00:1391 4611686019135357769            /nix/store/gpxl5qgg8kicmcvivwmybwjlpf7wh20l-graalvm17-ce-22.3.0/lib/server/classes.jsa
800449000-800bc8000 r--p 0044a000 00:1391 4611686019135357769            /nix/store/gpxl5qgg8kicmcvivwmybwjlpf7wh20l-graalvm17-ce-22.3.0/lib/server/classes.jsa
800bc8000-800c00000 ---p 00000000 00:00 0 
800c00000-800c20000 rw-p 00000000 00:00 0 
800c20000-800c40000 rw-p 00000000 00:00 0 
800c40000-800cc0000 rw-p 00000000 00:00 0 
800cc0000-800d00000 rw-p 00000000 00:00 0 
800d00000-800dc0000 rw-p 00000000 00:00 0 
800dc0000-800e00000 rw-p 00000000 00:00 0 
800e00000-800f40000 rw-p 00000000 00:00 0 
800f40000-800fc0000 rw-p 00000000 00:00 0 
800fc0000-801000000 rw-p 00000000 00:00 0 
801000000-8011b0000 rw-p 00000000 00:00 0 
8011b0000-840c00000 ---p 00000000 00:00 0 
55ed4d742000-55ed4d743000 r-xp 00000000 00:1391 4611686019099417844      /nix/store/gpxl5qgg8kicmcvivwmybwjlpf7wh20l-graalvm17-ce-22.3.0/bin/.java-wrapped
55ed4d744000-55ed4d745000 r--p 00001000 00:1391 4611686019099417844      /nix/store/gpxl5qgg8kicmcvivwmybwjlpf7wh20l-graalvm17-ce-22.3.0/bin/.java-wrapped
55ed4d745000-55ed4d746000 rw-p 00002000 00:1391 4611686019099417844      /nix/store/gpxl5qgg8kicmcvivwmybwjlpf7wh20l-graalvm17-ce-22.3.0/bin/.java-wrapped
55ed4d746000-55ed4d747000 rw-p 00004000 00:1391 4611686019099417844      /nix/store/gpxl5qgg8kicmcvivwmybwjlpf7wh20l-graalvm17-ce-22.3.0/bin/.java-wrapped
55ed4d747000-55ed4d748000 rw-p 00005000 00:1391 4611686019099417844      /nix/store/gpxl5qgg8kicmcvivwmybwjlpf7wh20l-graalvm17-ce-22.3.0/bin/.java-wrapped
55ed4e295000-55ed4e2dd000 rw-p 00000000 00:00 0                          [heap]
7f759f800000-7f759f840000 rw-p 00000000 00:00 0 
7f759f840000-7f75a0000000 ---p 00000000 00:00 0 
7f75a0000000-7f75a0021000 rw-p 00000000 00:00 0 
7f75a0021000-7f75a4000000 ---p 00000000 00:00 0 
7f75a4000000-7f75a4169000 rw-p 00000000 00:00 0 
7f75a4169000-7f75a8000000 ---p 00000000 00:00 0 
7f75a8000000-7f75a80f6000 rw-p 00000000 00:00 0 
7f75a80f6000-7f75ac000000 ---p 00000000 00:00 0 
7f75acc00000-7f75ad400000 rw-p 00000000 00:00 0 
7f75ad4b3000-7f75b7000000 r--s 00000000 00:1391 4611686019135192581      /nix/store/gpxl5qgg8kicmcvivwmybwjlpf7wh20l-graalvm17-ce-22.3.0/lib/modules
7f75b7000000-7f75b7180000 rw-p 00000000 00:00 0 
7f75b7180000-7f75b7200000 rw-p 00000000 00:00 0 
7f75b7200000-7f75b7500000 rw-p 00000000 00:00 0 
7f75b7500000-7f75b75d0000 rw-p 00000000 00:00 0 
7f75b75d0000-7f75b7600000 ---p 00000000 00:00 0 
7f75b7600000-7f75b7800000 rw-p 00000000 00:00 0 
7f75b7800000-7f75b7900000 rw-p 00000000 00:00 0 
7f75b7900000-7f75b7b00000 rw-p 00000000 00:00 0 
7f75b7b00000-7f75b7c00000 rw-p 00000000 00:00 0 
7f75b7c00000-7f75b7d00000 rw-p 00000000 00:00 0 
7f75b7d00000-7f75b7e00000 rw-p 00000000 00:00 0 
7f75b7e00000-7f75b8000000 rw-p 00000000 00:00 0 
7f75b8000000-7f75b8021000 rw-p 00000000 00:00 0 
7f75b8021000-7f75bc000000 ---p 00000000 00:00 0 
7f75bc000000-7f75bc0de000 rw-p 00000000 00:00 0 
7f75bc0de000-7f75c0000000 ---p 00000000 00:00 0 
7f75c0000000-7f75c0158000 rw-p 00000000 00:00 0 
7f75c0158000-7f75c4000000 ---p 00000000 00:00 0 
7f75c4000000-7f75c4208000 rw-p 00000000 00:00 0 
7f75c4208000-7f75c8000000 ---p 00000000 00:00 0 
7f75c8000000-7f75c8021000 rw-p 00000000 00:00 0 
7f75c8021000-7f75cc000000 ---p 00000000 00:00 0 
7f75cc000000-7f75cc021000 rw-p 00000000 00:00 0 
7f75cc021000-7f75d0000000 ---p 00000000 00:00 0 
7f75d0000000-7f75d031d000 rw-p 00000000 00:00 0 
7f75d031d000-7f75d4000000 ---p 00000000 00:00 0 
7f75d4000000-7f75d4095000 rw-p 00000000 00:00 0 
7f75d4095000-7f75d8000000 ---p 00000000 00:00 0 
7f75d8000000-7f75d8021000 rw-p 00000000 00:00 0 
7f75d8021000-7f75dc000000 ---p 00000000 00:00 0 
7f75dc000000-7f75dc058000 rw-p 00000000 00:00 0 
7f75dc058000-7f75e0000000 ---p 00000000 00:00 0 
7f75e0000000-7f75e0021000 rw-p 00000000 00:00 0 
7f75e0021000-7f75e4000000 ---p 00000000 00:00 0 
7f75e4000000-7f75e4021000 rw-p 00000000 00:00 0 
7f75e4021000-7f75e8000000 ---p 00000000 00:00 0 
7f75e8000000-7f75e88bd000 rw-p 00000000 00:00 0 
7f75e88bd000-7f75ec000000 ---p 00000000 00:00 0 
7f75ec000000-7f75ec025000 rw-p 00000000 00:00 0 
7f75ec025000-7f75f0000000 ---p 00000000 00:00 0 
7f75f0000000-7f75f0021000 rw-p 00000000 00:00 0 
7f75f0021000-7f75f4000000 ---p 00000000 00:00 0 
7f75f4000000-7f75f4021000 rw-p 00000000 00:00 0 
7f75f4021000-7f75f8000000 ---p 00000000 00:00 0 
7f75f8000000-7f75f8021000 rw-p 00000000 00:00 0 
7f75f8021000-7f75fc000000 ---p 00000000 00:00 0 
7f75fc400000-7f75fc500000 rw-p 00000000 00:00 0 
7f75fc500000-7f75fc600000 rw-p 00000000 00:00 0 
7f75fc600000-7f75fcc00000 rw-p 00000000 00:00 0 
7f75fcc00000-7f75fcd00000 rw-p 00000000 00:00 0 
7f75fcd00000-7f75fce00000 rw-p 00000000 00:00 0 
7f75fce00000-7f75fd100000 rw-p 00000000 00:00 0 
7f75fd100000-7f75fd200000 rw-p 00000000 00:00 0 
7f75fd200000-7f75fd400000 rw-p 00000000 00:00 0 
7f75fd400000-7f75fd410000 r-xp 00000000 00:137d 353                      /home/runner/.cache/jdt-language-server/config/org.eclipse.equinox.launcher/org.eclipse.equinox.launcher.gtk.linux.x86_64_1.2.400.v20211117-0650/eclipse_11600.so
7f75fd410000-7f75fd60f000 ---p 00010000 00:137d 353                      /home/runner/.cache/jdt-language-server/config/org.eclipse.equinox.launcher/org.eclipse.equinox.launcher.gtk.linux.x86_64_1.2.400.v20211117-0650/eclipse_11600.so
7f75fd60f000-7f75fd610000 r--p 0000f000 00:137d 353                      /home/runner/.cache/jdt-language-server/config/org.eclipse.equinox.launcher/org.eclipse.equinox.launcher.gtk.linux.x86_64_1.2.400.v20211117-0650/eclipse_11600.so
7f75fd610000-7f75fd611000 rw-p 00010000 00:137d 353                      /home/runner/.cache/jdt-language-server/config/org.eclipse.equinox.launcher/org.eclipse.equinox.launcher.gtk.linux.x86_64_1.2.400.v20211117-0650/eclipse_11600.so
7f75feb00000-7f75fec00000 ---p 00000000 00:00 0 
7f75fec00000-7f75ff1af000 r--p 01122000 00:1391 4611686019135190040      /nix/store/gpxl5qgg8kicmcvivwmybwjlpf7wh20l-graalvm17-ce-22.3.0/lib/libjvmcicompiler.so
7f75ff1af000-7f75ff300000 r--p 00000000 00:00 0 
7f75ff300000-7f75ff33d000 rw-p 00000000 00:00 0 
7f75ff33d000-7f75ff85d000 rw-p 0185f000 00:1391 4611686019135190040      /nix/store/gpxl5qgg8kicmcvivwmybwjlpf7wh20l-graalvm17-ce-22.3.0/lib/libjvmcicompiler.so
7f75ff85d000-7f75ffc44000 r--p 01d7f000 00:1391 4611686019135190040      /nix/store/gpxl5qgg8kicmcvivwmybwjlpf7wh20l-graalvm17-ce-22.3.0/lib/libjvmcicompiler.so
7f75ffd00000-7f75ffd04000 ---p 00000000 00:00 0 
7f75ffd04000-7f75ffe00000 rw-p 00000000 00:00 0 
7f75fff00000-7f75fff04000 ---p 00000000 00:00 0 
7f75fff04000-7f7600000000 rw-p 00000000 00:00 0 
7f7600100000-7f7600104000 ---p 00000000 00:00 0 
7f7600104000-7f7600200000 rw-p 00000000 00:00 0 
7f7600300000-7f7600304000 ---p 00000000 00:00 0 
7f7600304000-7f7600400000 rw-p 00000000 00:00 0 
7f7600500000-7f7600504000 ---p 00000000 00:00 0 
7f7600504000-7f7600600000 rw-p 00000000 00:00 0 
7f7600700000-7f7600704000 ---p 00000000 00:00 0 
7f7600704000-7f7600800000 rw-p 00000000 00:00 0 
7f7600900000-7f7600904000 ---p 00000000 00:00 0 
7f7600904000-7f7600a00000 rw-p 00000000 00:00 0 
7f7600b00000-7f7600b04000 ---p 00000000 00:00 0 
7f7600b04000-7f7600c00000 rw-p 00000000 00:00 0 
7f7600d00000-7f7600d04000 ---p 00000000 00:00 0 
7f7600d04000-7f7600e00000 rw-p 00000000 00:00 0 
7f7600f00000-7f7600f04000 ---p 00000000 00:00 0 
7f7600f04000-7f7601000000 rw-p 00000000 00:00 0 
7f7601000000-7f7601004000 ---p 00000000 00:00 0 
7f7601004000-7f7601100000 rw-p 00000000 00:00 0 
7f7601100000-7f7601104000 ---p 00000000 00:00 0 
7f7601104000-7f7601200000 rw-p 00000000 00:00 0 
7f7601300000-7f7601304000 ---p 00000000 00:00 0 
7f7601304000-7f7601400000 rw-p 00000000 00:00 0 
7f7601500000-7f7601504000 ---p 00000000 00:00 0 
7f7601504000-7f7601600000 rw-p 00000000 00:00 0 
7f7601700000-7f7601704000 ---p 00000000 00:00 0 
7f7601704000-7f7601800000 rw-p 00000000 00:00 0 
7f7601900000-7f7601904000 ---p 00000000 00:00 0 
7f7601904000-7f7601a00000 rw-p 00000000 00:00 0 
7f7601a00000-7f7601a04000 ---p 00000000 00:00 0 
7f7601a04000-7f7601b00000 rw-p 00000000 00:00 0 
7f7601b00000-7f7601b04000 ---p 00000000 00:00 0 
7f7601b04000-7f7601c00000 rw-p 00000000 00:00 0 
7f7601c00000-7f7603d6a000 r-xp 00000000 00:1391 4611686019135190040      /nix/store/gpxl5qgg8kicmcvivwmybwjlpf7wh20l-graalvm17-ce-22.3.0/lib/libjvmcicompiler.so
7f7603d6a000-7f7603f69000 ---p 0216a000 00:1391 4611686019135190040      /nix/store/gpxl5qgg8kicmcvivwmybwjlpf7wh20l-graalvm17-ce-22.3.0/lib/libjvmcicompiler.so
7f7603f69000-7f7603f6a000 r--p 02169000 00:1391 4611686019135190040      /nix/store/gpxl5qgg8kicmcvivwmybwjlpf7wh20l-graalvm17-ce-22.3.0/lib/libjvmcicompiler.so
7f7603f6a000-7f7603f6c000 rw-p 0216a000 00:1391 4611686019135190040      /nix/store/gpxl5qgg8kicmcvivwmybwjlpf7wh20l-graalvm17-ce-22.3.0/lib/libjvmcicompiler.so
7f7603f6c000-7f7603f6d000 rw-p 00000000 00:00 0 
7f7603f6d000-7f7603f72000 rw-p 023c3000 00:1391 4611686019135190040      /nix/store/gpxl5qgg8kicmcvivwmybwjlpf7wh20l-graalvm17-ce-22.3.0/lib/libjvmcicompiler.so
7f7604000000-7f7604021000 rw-p 00000000 00:00 0 
7f7604021000-7f7608000000 ---p 00000000 00:00 0 
7f7608000000-7f7608021000 rw-p 00000000 00:00 0 
7f7608021000-7f760c000000 ---p 00000000 00:00 0 
7f760c000000-7f760c021000 rw-p 00000000 00:00 0 
7f760c021000-7f7610000000 ---p 00000000 00:00 0 
7f7610000000-7f7610021000 rw-p 00000000 00:00 0 
7f7610021000-7f7614000000 ---p 00000000 00:00 0 
7f7614000000-7f76140d0000 rw-p 00000000 00:00 0 
7f76140d0000-7f7618000000 ---p 00000000 00:00 0 
7f7618000000-7f7618b4f000 rw-p 00000000 00:00 0 
7f7618b4f000-7f761c000000 ---p 00000000 00:00 0 
7f761c000000-7f761c021000 rw-p 00000000 00:00 0 
7f761c021000-7f7620000000 ---p 00000000 00:00 0 
7f7620000000-7f7620021000 rw-p 00000000 00:00 0 
7f7620021000-7f7624000000 ---p 00000000 00:00 0 
7f7624000000-7f7624021000 rw-p 00000000 00:00 0 
7f7624021000-7f7628000000 ---p 00000000 00:00 0 
7f7628000000-7f7628021000 rw-p 00000000 00:00 0 
7f7628021000-7f762c000000 ---p 00000000 00:00 0 
7f762c000000-7f762c021000 rw-p 00000000 00:00 0 
7f762c021000-7f7630000000 ---p 00000000 00:00 0 
7f7630000000-7f7630021000 rw-p 00000000 00:00 0 
7f7630021000-7f7634000000 ---p 00000000 00:00 0 
7f7634000000-7f7634115000 rw-p 00000000 00:00 0 
7f7634115000-7f7638000000 ---p 00000000 00:00 0 
7f7638000000-7f7638004000 ---p 00000000 00:00 0 
7f7638004000-7f7638100000 rw-p 00000000 00:00 0 
7f7638d68000-7f7639200000 rw-p 00000000 00:00 0 
7f76392f4000-7f76392f8000 ---p 00000000 00:00 0 
7f76392f8000-7f7639316000 rw-p 00000000 00:00 0 
7f7639316000-7f7639317000 ---p 00000000 00:00 0 
7f7639317000-7f7639418000 rw-p 00000000 00:00 0 
7f7639418000-7f763941c000 ---p 00000000 00:00 0 
7f763941c000-7f7639518000 rw-p 00000000 00:00 0 
7f7639518000-7f763951c000 ---p 00000000 00:00 0 
7f763951c000-7f7639618000 rw-p 00000000 00:00 0 
7f7639618000-7f763961c000 ---p 00000000 00:00 0 
7f763961c000-7f7639718000 rw-p 00000000 00:00 0 
7f7639718000-7f763971c000 ---p 00000000 00:00 0 
7f763971c000-7f7639918000 rw-p 00000000 00:00 0 
7f7639918000-7f763991c000 ---p 00000000 00:00 0 
7f763991c000-7f7639b18000 rw-p 00000000 00:00 0 
7f7639b18000-7f7639b1c000 ---p 00000000 00:00 0 
7f7639b1c000-7f7639c18000 rw-p 00000000 00:00 0 
7f7639c18000-7f7639c1c000 ---p 00000000 00:00 0 
7f7639c1c000-7f7639d18000 rw-p 00000000 00:00 0 
7f7639d18000-7f7639d1c000 ---p 00000000 00:00 0 
7f7639d1c000-7f7639e18000 rw-p 00000000 00:00 0 
7f7639e18000-7f763a0fe000 r--p 00000000 00:1237 28444448                 /usr/lib/locale/locale-archive
7f763a0fe000-7f763a102000 ---p 00000000 00:00 0 
7f763a102000-7f763a1fe000 rw-p 00000000 00:00 0 
7f763a1fe000-7f763a202000 ---p 00000000 00:00 0 
7f763a202000-7f763a2fe000 rw-p 00000000 00:00 0 
7f763a2fe000-7f763a2ff000 ---p 00000000 00:00 0 
7f763a2ff000-7f763a800000 rw-p 00000000 00:00 0 
7f763a800000-7f763ab00000 rw-p 00000000 00:00 0 
7f763ab00000-7f763ac00000 rw-p 00000000 00:00 0 
7f763ac1b000-7f763ac22000 r-xp 00000000 00:1391 4611686019135192580      /nix/store/gpxl5qgg8kicmcvivwmybwjlpf7wh20l-graalvm17-ce-22.3.0/lib/libzip.so
7f763ac22000-7f763ac23000 ---p 00007000 00:1391 4611686019135192580      /nix/store/gpxl5qgg8kicmcvivwmybwjlpf7wh20l-graalvm17-ce-22.3.0/lib/libzip.so
7f763ac23000-7f763ac24000 r--p 00007000 00:1391 4611686019135192580      /nix/store/gpxl5qgg8kicmcvivwmybwjlpf7wh20l-graalvm17-ce-22.3.0/lib/libzip.so
7f763ac24000-7f763ac25000 rw-p 00008000 00:1391 4611686019135192580      /nix/store/gpxl5qgg8kicmcvivwmybwjlpf7wh20l-graalvm17-ce-22.3.0/lib/libzip.so
7f763ac25000-7f763ac27000 rw-p 0000b000 00:1391 4611686019135192580      /nix/store/gpxl5qgg8kicmcvivwmybwjlpf7wh20l-graalvm17-ce-22.3.0/lib/libzip.so
7f763ac27000-7f763ac3c000 r-xp 00000000 00:1391 4611686019135192570      /nix/store/gpxl5qgg8kicmcvivwmybwjlpf7wh20l-graalvm17-ce-22.3.0/lib/libnet.so
7f763ac3c000-7f763ac3d000 ---p 00015000 00:1391 4611686019135192570      /nix/store/gpxl5qgg8kicmcvivwmybwjlpf7wh20l-graalvm17-ce-22.3.0/lib/libnet.so
7f763ac3d000-7f763ac3e000 r--p 00015000 00:1391 4611686019135192570      /nix/store/gpxl5qgg8kicmcvivwmybwjlpf7wh20l-graalvm17-ce-22.3.0/lib/libnet.so
7f763ac3e000-7f763ac3f000 rw-p 00016000 00:1391 4611686019135192570      /nix/store/gpxl5qgg8kicmcvivwmybwjlpf7wh20l-graalvm17-ce-22.3.0/lib/libnet.so
7f763ac3f000-7f763ac42000 rw-p 0001b000 00:1391 4611686019135192570      /nix/store/gpxl5qgg8kicmcvivwmybwjlpf7wh20l-graalvm17-ce-22.3.0/lib/libnet.so
7f763ac42000-7f763ac55000 r-xp 00000000 00:1391 4611686019135192571      /nix/store/gpxl5qgg8kicmcvivwmybwjlpf7wh20l-graalvm17-ce-22.3.0/lib/libnio.so
7f763ac55000-7f763ac56000 r--p 00012000 00:1391 4611686019135192571      /nix/store/gpxl5qgg8kicmcvivwmybwjlpf7wh20l-graalvm17-ce-22.3.0/lib/libnio.so
7f763ac56000-7f763ac57000 rw-p 00013000 00:1391 4611686019135192571      /nix/store/gpxl5qgg8kicmcvivwmybwjlpf7wh20l-graalvm17-ce-22.3.0/lib/libnio.so
7f763ac57000-7f763ac5c000 rw-p 00019000 00:1391 4611686019135192571      /nix/store/gpxl5qgg8kicmcvivwmybwjlpf7wh20l-graalvm17-ce-22.3.0/lib/libnio.so
7f763ac5c000-7f763ad2a000 r-xp 00000000 00:1391 4611686019135190036      /nix/store/gpxl5qgg8kicmcvivwmybwjlpf7wh20l-graalvm17-ce-22.3.0/lib/libjsvml.so
7f763ad2a000-7f763ad2b000 r--p 000cd000 00:1391 4611686019135190036      /nix/store/gpxl5qgg8kicmcvivwmybwjlpf7wh20l-graalvm17-ce-22.3.0/lib/libjsvml.so
7f763ad2b000-7f763ad2c000 rw-p 000ce000 00:1391 4611686019135190036      /nix/store/gpxl5qgg8kicmcvivwmybwjlpf7wh20l-graalvm17-ce-22.3.0/lib/libjsvml.so
7f763ad2c000-7f763b4b3000 rw-p 00000000 00:00 0 
7f763b4b3000-7f763b723000 rwxp 00000000 00:00 0 
7f763b723000-7f763ba42000 ---p 00000000 00:00 0 
7f763ba42000-7f763c872000 rwxp 00000000 00:00 0 
7f763c872000-7f7642f7a000 ---p 00000000 00:00 0 
7f7642f7a000-7f76431ea000 rwxp 00000000 00:00 0 
7f76431ea000-7f764a4b3000 ---p 00000000 00:00 0 
7f764a4b3000-7f7654000000 r--s 00000000 00:1391 4611686019135192581      /nix/store/gpxl5qgg8kicmcvivwmybwjlpf7wh20l-graalvm17-ce-22.3.0/lib/modules
7f7654000000-7f765463e000 rw-p 00000000 00:00 0 
7f765463e000-7f7658000000 ---p 00000000 00:00 0 
7f7658003000-7f7658005000 r-xp 00000000 00:1391 4611686019135190017      /nix/store/gpxl5qgg8kicmcvivwmybwjlpf7wh20l-graalvm17-ce-22.3.0/lib/libextnet.so
7f7658005000-7f7658006000 r--p 00001000 00:1391 4611686019135190017      /nix/store/gpxl5qgg8kicmcvivwmybwjlpf7wh20l-graalvm17-ce-22.3.0/lib/libextnet.so
7f7658006000-7f7658007000 rw-p 00002000 00:1391 4611686019135190017      /nix/store/gpxl5qgg8kicmcvivwmybwjlpf7wh20l-graalvm17-ce-22.3.0/lib/libextnet.so
7f7658007000-7f7658008000 rw-p 00004000 00:1391 4611686019135190017      /nix/store/gpxl5qgg8kicmcvivwmybwjlpf7wh20l-graalvm17-ce-22.3.0/lib/libextnet.so
7f7658008000-7f7659159000 rw-p 00000000 00:00 0 
7f7659159000-7f765915a000 ---p 00000000 00:00 0 
7f765915a000-7f7659305000 rw-p 00000000 00:00 0 
7f7659305000-7f765931e000 rw-p 00000000 00:00 0 
7f765931e000-7f765935b000 ---p 00000000 00:00 0 
7f765935b000-7f7659361000 rw-p 00000000 00:00 0 
7f7659361000-7f7659447000 ---p 00000000 00:00 0 
7f7659447000-7f7659464000 rw-p 00000000 00:00 0 
7f7659464000-7f7659532000 ---p 00000000 00:00 0 
7f7659532000-7f7659537000 rw-p 00000000 00:00 0 
7f7659537000-7f765953e000 ---p 00000000 00:00 0 
7f765953e000-7f7659562000 r-xp 00000000 00:1391 4611686019135190028      /nix/store/gpxl5qgg8kicmcvivwmybwjlpf7wh20l-graalvm17-ce-22.3.0/lib/libjava.so
7f7659562000-7f7659563000 ---p 00024000 00:1391 4611686019135190028      /nix/store/gpxl5qgg8kicmcvivwmybwjlpf7wh20l-graalvm17-ce-22.3.0/lib/libjava.so
7f7659563000-7f7659564000 r--p 00024000 00:1391 4611686019135190028      /nix/store/gpxl5qgg8kicmcvivwmybwjlpf7wh20l-graalvm17-ce-22.3.0/lib/libjava.so
7f7659564000-7f7659565000 rw-p 00025000 00:1391 4611686019135190028      /nix/store/gpxl5qgg8kicmcvivwmybwjlpf7wh20l-graalvm17-ce-22.3.0/lib/libjava.so
7f7659565000-7f7659566000 rw-p 00000000 00:00 0 
7f7659566000-7f765956d000 rw-p 0002f000 00:1391 4611686019135190028      /nix/store/gpxl5qgg8kicmcvivwmybwjlpf7wh20l-graalvm17-ce-22.3.0/lib/libjava.so
7f765956d000-7f7659575000 rw-s 00000000 00:a24 355                       /tmp/hsperfdata_runner/57
7f7659575000-7f7659576000 ---p 00000000 00:00 0 
7f7659576000-7f7659577000 r--p 00000000 00:00 0 
7f7659577000-7f7659578000 rwxp 00000000 00:00 0 
7f7659578000-7f7659593000 r-xp 00000000 00:1391 4611686019135190032      /nix/store/gpxl5qgg8kicmcvivwmybwjlpf7wh20l-graalvm17-ce-22.3.0/lib/libjimage.so
7f7659593000-7f7659594000 ---p 0001b000 00:1391 4611686019135190032      /nix/store/gpxl5qgg8kicmcvivwmybwjlpf7wh20l-graalvm17-ce-22.3.0/lib/libjimage.so
7f7659594000-7f7659596000 r--p 0001b000 00:1391 4611686019135190032      /nix/store/gpxl5qgg8kicmcvivwmybwjlpf7wh20l-graalvm17-ce-22.3.0/lib/libjimage.so
7f7659596000-7f7659597000 rw-p 0001d000 00:1391 4611686019135190032      /nix/store/gpxl5qgg8kicmcvivwmybwjlpf7wh20l-graalvm17-ce-22.3.0/lib/libjimage.so
7f7659597000-7f7659598000 rw-p 00024000 00:1391 4611686019135190032      /nix/store/gpxl5qgg8kicmcvivwmybwjlpf7wh20l-graalvm17-ce-22.3.0/lib/libjimage.so
7f7659598000-7f765959c000 ---p 00000000 00:00 0 
7f765959c000-7f7659698000 rw-p 00000000 00:00 0 
7f7659698000-7f76596a6000 r--p 00000000 00:1391 4611686019027979927      /nix/store/4nlgxhb09sdr51nc9hdm8az5b08vzkgx-glibc-2.35-163/lib/libm.so.6
7f76596a6000-7f7659719000 r-xp 0000e000 00:1391 4611686019027979927      /nix/store/4nlgxhb09sdr51nc9hdm8az5b08vzkgx-glibc-2.35-163/lib/libm.so.6
7f7659719000-7f7659776000 r--p 00081000 00:1391 4611686019027979927      /nix/store/4nlgxhb09sdr51nc9hdm8az5b08vzkgx-glibc-2.35-163/lib/libm.so.6
7f7659776000-7f7659777000 r--p 000dd000 00:1391 4611686019027979927      /nix/store/4nlgxhb09sdr51nc9hdm8az5b08vzkgx-glibc-2.35-163/lib/libm.so.6
7f7659777000-7f7659778000 rw-p 000de000 00:1391 4611686019027979927      /nix/store/4nlgxhb09sdr51nc9hdm8az5b08vzkgx-glibc-2.35-163/lib/libm.so.6
7f7659778000-7f7659779000 r--p 00000000 00:1391 4611686019027979946      /nix/store/4nlgxhb09sdr51nc9hdm8az5b08vzkgx-glibc-2.35-163/lib/librt.so.1
7f7659779000-7f765977a000 r-xp 00001000 00:1391 4611686019027979946      /nix/store/4nlgxhb09sdr51nc9hdm8az5b08vzkgx-glibc-2.35-163/lib/librt.so.1
7f765977a000-7f765977b000 r--p 00002000 00:1391 4611686019027979946      /nix/store/4nlgxhb09sdr51nc9hdm8az5b08vzkgx-glibc-2.35-163/lib/librt.so.1
7f765977b000-7f765977c000 r--p 00002000 00:1391 4611686019027979946      /nix/store/4nlgxhb09sdr51nc9hdm8az5b08vzkgx-glibc-2.35-163/lib/librt.so.1
7f765977c000-7f765977d000 rw-p 00003000 00:1391 4611686019027979946      /nix/store/4nlgxhb09sdr51nc9hdm8az5b08vzkgx-glibc-2.35-163/lib/librt.so.1
7f765977d000-7f765a890000 r-xp 00000000 00:1391 4611686019135360866      /nix/store/gpxl5qgg8kicmcvivwmybwjlpf7wh20l-graalvm17-ce-22.3.0/lib/server/libjvm.so
7f765a890000-7f765a891000 ---p 01113000 00:1391 4611686019135360866      /nix/store/gpxl5qgg8kicmcvivwmybwjlpf7wh20l-graalvm17-ce-22.3.0/lib/server/libjvm.so
7f765a891000-7f765a946000 r--p 01113000 00:1391 4611686019135360866      /nix/store/gpxl5qgg8kicmcvivwmybwjlpf7wh20l-graalvm17-ce-22.3.0/lib/server/libjvm.so
7f765a946000-7f765a97a000 rw-p 011c8000 00:1391 4611686019135360866      /nix/store/gpxl5qgg8kicmcvivwmybwjlpf7wh20l-graalvm17-ce-22.3.0/lib/server/libjvm.so
7f765a97a000-7f765a9d6000 rw-p 00000000 00:00 0 
7f765a9d6000-7f765a9fe000 r--p 00000000 00:1391 4611686019027979918      /nix/store/4nlgxhb09sdr51nc9hdm8az5b08vzkgx-glibc-2.35-163/lib/libc.so.6
7f765a9fe000-7f765ab74000 r-xp 00028000 00:1391 4611686019027979918      /nix/store/4nlgxhb09sdr51nc9hdm8az5b08vzkgx-glibc-2.35-163/lib/libc.so.6
7f765ab74000-7f765abcc000 r--p 0019e000 00:1391 4611686019027979918      /nix/store/4nlgxhb09sdr51nc9hdm8az5b08vzkgx-glibc-2.35-163/lib/libc.so.6
7f765abcc000-7f765abd0000 r--p 001f6000 00:1391 4611686019027979918      /nix/store/4nlgxhb09sdr51nc9hdm8az5b08vzkgx-glibc-2.35-163/lib/libc.so.6
7f765abd0000-7f765abd2000 rw-p 001fa000 00:1391 4611686019027979918      /nix/store/4nlgxhb09sdr51nc9hdm8az5b08vzkgx-glibc-2.35-163/lib/libc.so.6
7f765abd2000-7f765abe1000 rw-p 00000000 00:00 0 
7f765abe1000-7f765abe2000 r--p 00000000 00:1391 4611686019027979923      /nix/store/4nlgxhb09sdr51nc9hdm8az5b08vzkgx-glibc-2.35-163/lib/libdl.so.2
7f765abe2000-7f765abe3000 r-xp 00001000 00:1391 4611686019027979923      /nix/store/4nlgxhb09sdr51nc9hdm8az5b08vzkgx-glibc-2.35-163/lib/libdl.so.2
7f765abe3000-7f765abe4000 r--p 00002000 00:1391 4611686019027979923      /nix/store/4nlgxhb09sdr51nc9hdm8az5b08vzkgx-glibc-2.35-163/lib/libdl.so.2
7f765abe4000-7f765abe5000 r--p 00002000 00:1391 4611686019027979923      /nix/store/4nlgxhb09sdr51nc9hdm8az5b08vzkgx-glibc-2.35-163/lib/libdl.so.2
7f765abe5000-7f765abe6000 rw-p 00003000 00:1391 4611686019027979923      /nix/store/4nlgxhb09sdr51nc9hdm8az5b08vzkgx-glibc-2.35-163/lib/libdl.so.2
7f765abe6000-7f765abe7000 r--p 00000000 00:1391 4611686019027979942      /nix/store/4nlgxhb09sdr51nc9hdm8az5b08vzkgx-glibc-2.35-163/lib/libpthread.so.0
7f765abe7000-7f765abe8000 r-xp 00001000 00:1391 4611686019027979942      /nix/store/4nlgxhb09sdr51nc9hdm8az5b08vzkgx-glibc-2.35-163/lib/libpthread.so.0
7f765abe8000-7f765abe9000 r--p 00002000 00:1391 4611686019027979942      /nix/store/4nlgxhb09sdr51nc9hdm8az5b08vzkgx-glibc-2.35-163/lib/libpthread.so.0
7f765abe9000-7f765abea000 r--p 00002000 00:1391 4611686019027979942      /nix/store/4nlgxhb09sdr51nc9hdm8az5b08vzkgx-glibc-2.35-163/lib/libpthread.so.0
7f765abea000-7f765abeb000 rw-p 00003000 00:1391 4611686019027979942      /nix/store/4nlgxhb09sdr51nc9hdm8az5b08vzkgx-glibc-2.35-163/lib/libpthread.so.0
7f765abeb000-7f765abf9000 r-xp 00000000 00:1391 4611686019135190033      /nix/store/gpxl5qgg8kicmcvivwmybwjlpf7wh20l-graalvm17-ce-22.3.0/lib/libjli.so
7f765abf9000-7f765abfa000 ---p 0000e000 00:1391 4611686019135190033      /nix/store/gpxl5qgg8kicmcvivwmybwjlpf7wh20l-graalvm17-ce-22.3.0/lib/libjli.so
7f765abfa000-7f765abfb000 r--p 0000e000 00:1391 4611686019135190033      /nix/store/gpxl5qgg8kicmcvivwmybwjlpf7wh20l-graalvm17-ce-22.3.0/lib/libjli.so
7f765abfb000-7f765abfc000 rw-p 0000f000 00:1391 4611686019135190033      /nix/store/gpxl5qgg8kicmcvivwmybwjlpf7wh20l-graalvm17-ce-22.3.0/lib/libjli.so
7f765abfc000-7f765abfd000 rw-p 00012000 00:1391 4611686019135190033      /nix/store/gpxl5qgg8kicmcvivwmybwjlpf7wh20l-graalvm17-ce-22.3.0/lib/libjli.so
7f765abfd000-7f765ac00000 r--p 00000000 00:1391 4611686019106210071      /nix/store/026hln0aq1hyshaxsdvhg0kmcm6yf45r-zlib-1.2.13/lib/libz.so.1.2.13
7f765ac00000-7f765ac12000 r-xp 00003000 00:1391 4611686019106210071      /nix/store/026hln0aq1hyshaxsdvhg0kmcm6yf45r-zlib-1.2.13/lib/libz.so.1.2.13
7f765ac12000-7f765ac19000 r--p 00015000 00:1391 4611686019106210071      /nix/store/026hln0aq1hyshaxsdvhg0kmcm6yf45r-zlib-1.2.13/lib/libz.so.1.2.13
7f765ac19000-7f765ac1a000 r--p 0001b000 00:1391 4611686019106210071      /nix/store/026hln0aq1hyshaxsdvhg0kmcm6yf45r-zlib-1.2.13/lib/libz.so.1.2.13
7f765ac1a000-7f765ac1b000 rw-p 0001c000 00:1391 4611686019106210071      /nix/store/026hln0aq1hyshaxsdvhg0kmcm6yf45r-zlib-1.2.13/lib/libz.so.1.2.13
7f765ac1b000-7f765ac1d000 rw-p 00000000 00:00 0 
7f765ac1d000-7f765ac1f000 r--p 00000000 00:1391 4611686019027979912      /nix/store/4nlgxhb09sdr51nc9hdm8az5b08vzkgx-glibc-2.35-163/lib/ld-linux-x86-64.so.2
7f765ac1f000-7f765ac46000 r-xp 00002000 00:1391 4611686019027979912      /nix/store/4nlgxhb09sdr51nc9hdm8az5b08vzkgx-glibc-2.35-163/lib/ld-linux-x86-64.so.2
7f765ac46000-7f765ac52000 r--p 00029000 00:1391 4611686019027979912      /nix/store/4nlgxhb09sdr51nc9hdm8az5b08vzkgx-glibc-2.35-163/lib/ld-linux-x86-64.so.2
7f765ac52000-7f765ac54000 r--p 00034000 00:1391 4611686019027979912      /nix/store/4nlgxhb09sdr51nc9hdm8az5b08vzkgx-glibc-2.35-163/lib/ld-linux-x86-64.so.2
7f765ac54000-7f765ac56000 rw-p 00036000 00:1391 4611686019027979912      /nix/store/4nlgxhb09sdr51nc9hdm8az5b08vzkgx-glibc-2.35-163/lib/ld-linux-x86-64.so.2
7ffc8de61000-7ffc8de85000 rw-p 00000000 00:00 0                          [stack]
7ffc8df4e000-7ffc8df52000 r--p 00000000 00:00 0                          [vvar]
7ffc8df52000-7ffc8df54000 r-xp 00000000 00:00 0                          [vdso]
ffffffffff600000-ffffffffff601000 --xp 00000000 00:00 0                  [vsyscall]


VM Arguments:
jvm_args: -XX:ThreadPriorityPolicy=1 -XX:+UnlockExperimentalVMOptions -XX:+EnableJVMCIProduct -XX:JVMCIThreadsPerNativeLibraryRuntime=1 -XX:-UnlockExperimentalVMOptions -Declipse.application=org.eclipse.jdt.ls.core.id1 -Dosgi.bundles.defaultStartLevel=4 -Declipse.product=org.eclipse.jdt.ls.core.product -Dlog.level=ALL -Xverify:none -XX:+UseParallelGC -XX:GCTimeRatio=4 -XX:AdaptiveSizePolicyWeight=90 -Dsun.zip.disableMemoryMapping=true -Xmx512m -Xms100m 
java_command: /nix/store/m6gcpi1ii6rghy04cjwjddcavv7i90df-jdt-language-server-1.9.0/share/java/plugins/org.eclipse.equinox.launcher_1.6.400.v20210924-0641.jar --add-modules=ALL-SYSTEM --add-opens java.base/java.util=ALL-UNNAMED --add-opens java.base/java.lang=ALL-UNNAMED -configuration /home/runner/.cache/jdt-language-server/config -data /home/runner/.cache/jdt-language-server/data/home/runner/LearnJava
java_class_path (initial): /nix/store/m6gcpi1ii6rghy04cjwjddcavv7i90df-jdt-language-server-1.9.0/share/java/plugins/org.eclipse.equinox.launcher_1.6.400.v20210924-0641.jar
Launcher Type: SUN_STANDARD

[Global flags]
    uintx AdaptiveSizePolicyWeight                 = 90                                        {product} {command line}
     intx CICompilerCount                          = 2                                         {product} {ergonomic}
     bool EnableJVMCIProduct                       = true                                {JVMCI product} {jimage}
    uintx GCTimeRatio                              = 4                                         {product} {command line}
   size_t InitialHeapSize                          = 104857600                                 {product} {command line}
     uint JVMCIThreadsPerNativeLibraryRuntime      = 1                                   {JVMCI product} {jimage}
   size_t MaxHeapSize                              = 536870912                                 {product} {command line}
   size_t MaxNewSize                               = 178782208                                 {product} {ergonomic}
   size_t MinHeapDeltaBytes                        = 524288                                    {product} {ergonomic}
   size_t MinHeapSize                              = 104857600                                 {product} {command line}
   size_t NewSize                                  = 34603008                                  {product} {ergonomic}
    uintx NonNMethodCodeHeapSize                   = 5826188                                {pd product} {ergonomic}
    uintx NonProfiledCodeHeapSize                  = 122916026                              {pd product} {ergonomic}
   size_t OldSize                                  = 70254592                                  {product} {ergonomic}
    uintx ProfiledCodeHeapSize                     = 122916026                              {pd product} {ergonomic}
    uintx ReservedCodeCacheSize                    = 251658240                              {pd product} {ergonomic}
     bool SegmentedCodeCache                       = true                                      {product} {ergonomic}
   size_t SoftMaxHeapSize                          = 536870912                              {manageable} {ergonomic}
     intx ThreadPriorityPolicy                     = 1                                         {product} {jimage}
     bool UseCompressedClassPointers               = true                           {product lp64_product} {ergonomic}
     bool UseCompressedOops                        = true                           {product lp64_product} {ergonomic}
     bool UseParallelGC                            = true                                      {product} {command line}

Logging:
Log output configuration:
 #0: stdout all=warning uptime,level,tags
 #1: stderr all=off uptime,level,tags

Environment Variables:
JAVA_HOME=/nix/store/gpxl5qgg8kicmcvivwmybwjlpf7wh20l-graalvm17-ce-22.3.0
PATH=/nix/store/1d6ian3r8kdzspw8hacjhl3xkp40g1lj-binutils-wrapper-2.39/bin:/nix/store/dq0xwmsk1g0i2ayg6pb7y87na2knzylh-gcc-wrapper-11.3.0/bin:/nix/store/bap4d0lpcrhpwmpb8ayjcgkmvfj62lnq-bash-interactive-5.1-p16/bin:/nix/store/pr5n59mb4jzmfx6kanwxly0l07p861fg-patchelf-0.15.0/bin:/nix/store/1gf2flfqnpqbr1b4p4qz2f72y42bs56r-gcc-11.3.0/bin:/nix/store/57xv61c5zi8pphjbcwxxjlgc34p61ic9-glibc-2.35-163-bin/bin:/nix/store/a7gvj343m05j2s32xcnwr35v31ynlypr-coreutils-9.1/bin:/nix/store/039g378vc3pc3dvi9dzdlrd0i4q93qwf-binutils-2.39/bin:/nix/store/gpxl5qgg8kicmcvivwmybwjlpf7wh20l-graalvm17-ce-22.3.0/bin:/nix/store/6z9ag3ihc8mq2hzsw48lhbznvzny65nz-apache-maven-3.8.6/bin:/nix/store/m6gcpi1ii6rghy04cjwjddcavv7i90df-jdt-language-server-1.9.0/bin:/nix/store/84xs5alhs01zrbr4ywm05kxbjbp5590l-java-debug/bin:/nix/store/mydc6f4k2z73xlcz7ilif3v2lcaiqvza-findutils-4.9.0/bin:/nix/store/j9p3g8472iijd50vhdprx0nmk2fqn5gv-diffutils-3.8/bin:/nix/store/89zs7rms6x00xfq4dq6m7mjnhkr8a6r4-gnused-4.8/bin:/nix/store/86bp03jkmsl6f92w0yzg4s59g5mhxwmy-gnugrep-3.7/bin:/nix/store/hwcdqw4jrjnd37wxqgsd47hd0j8bnj09-gawk-5.1.1/bin:/nix/store/cfbhw8r8ags41vwqaz47r583d0p4h4a1-gnutar-1.34/bin:/nix/store/p3m1ndl1lapwrlh698bnb5lvvxh67378-gzip-1.12/bin:/nix/store/a8mhcagrsly7c7mpjrpsnaahk4aax056-bzip2-1.0.8-bin/bin:/nix/store/mblgz65m3zv9x548a3d5m96fj2pbwr09-gnumake-4.3/bin:/nix/store/dsd5gz46hdbdk2rfdimqddhq6m8m8fqs-bash-5.1-p16/bin:/nix/store/v7ljksji50mg3w61dykaa3n3y79n6nil-patch-2.7.6/bin:/nix/store/zlcnmqq14jz5x9439jf937mvayyl63da-xz-5.2.7-bin/bin:/nix/store/y6aj732zm9m87c82fpvf103a1xb22blp-file-5.43/bin:/nix/store/sgqd0ajghcv2axfl1lad0b1alyavp0dc-prybar-elisp-0.0.0-67f7a00/bin:/nix/store/p3hsvljpgs68jqwar41lc0jqhjj734lf-prybar-lua-0.0.0-67f7a00/bin:/nix/store/qzxs2gybds3s9kb1vkaflpgm2nwr85fh-prybar-python3-0.0.0-67f7a00/bin:/nix/store/km94z9mxp8w4m8gxxp5mbfpdf3nkfvd8-prybar-sqlite-0.0.0-67f7a00/bin:/nix/store/2pnc7b76asw0z59c4l6h6qy8arwqrii1-prybar-tcl-0.0.0-67f7a00/bin:/nix/store/hpbvrlwd5viqmvcaisb3x0118i913a9n-st
LD_LIBRARY_PATH=/nix/store/a4pff549sk2idnkpzk5nsfps3mdkdnvm-cups-2.4.2-lib/lib:/nix/store/72mqxxhh3cy5yifh92wh2yb8cl2hikyy-cairo-1.16.0/lib:/nix/store/2k366jrbsra97gjfxwvrhvixjfxdach5-glib-2.74.1/lib:/nix/store/2j2znigd8ak37rlwh9khz0ry3clqlw1l-gtk+3-3.24.34/lib:/nix/store/hisqvx32cd57apbpcsnkpx6k3549wql1-libglvnd-1.4.0/lib:/nix/store/p36pgcv991mq5srvg765b78yqpxvk3qs-mesa-21.3.3-drivers/lib:/nix/store/mav4251if1ahjq5vkpwycyyvnmy459c4-pulseaudio-14.2/lib
DISPLAY=:0
LANG=en_US.UTF-8

Signal Handlers:
   SIGSEGV: crash_handler in libjvm.so, mask=11100100010111111101111111111110, flags=SA_RESTART|SA_SIGINFO
    SIGBUS: crash_handler in libjvm.so, mask=11100100010111111101111111111110, flags=SA_RESTART|SA_SIGINFO
    SIGFPE: crash_handler in libjvm.so, mask=11100100010111111101111111111110, flags=SA_RESTART|SA_SIGINFO
   SIGPIPE: IsolateEnterStub_IgnoreSIGPIPEStartupHook_noopSignalHandler_8f19bff2f35b5f630d83b364d6b2339320d4ec70_216e8361c6bc87a8f89f58cc10d3b2fd4415bf87 in libjvmcicompiler.so, mask=00000000000000000000000000000000, flags=SA_RESTART
  *** Handler was modified!
  *** Expected: javaSignalHandler in libjvm.so, mask=11100100110111111111111111111110, flags=SA_RESTART|SA_SIGINFO
   SIGXFSZ: javaSignalHandler in libjvm.so, mask=11100100010111111101111111111110, flags=SA_RESTART|SA_SIGINFO
    SIGILL: crash_handler in libjvm.so, mask=11100100010111111101111111111110, flags=SA_RESTART|SA_SIGINFO
   SIGUSR2: SR_handler in libjvm.so, mask=00000000000000000000000000000000, flags=SA_RESTART|SA_SIGINFO
    SIGHUP: UserHandler in libjvm.so, mask=11100100010111111101111111111110, flags=SA_RESTART|SA_SIGINFO
    SIGINT: UserHandler in libjvm.so, mask=11100100010111111101111111111110, flags=SA_RESTART|SA_SIGINFO
   SIGTERM: UserHandler in libjvm.so, mask=11100100010111111101111111111110, flags=SA_RESTART|SA_SIGINFO
   SIGQUIT: UserHandler in libjvm.so, mask=11100100010111111101111111111110, flags=SA_RESTART|SA_SIGINFO
  *** Handler was modified!
  *** Expected: javaSignalHandler in libjvm.so, mask=11100100110111111111111111111110, flags=SA_RESTART|SA_SIGINFO
   SIGTRAP: crash_handler in libjvm.so, mask=11100100010111111101111111111110, flags=SA_RESTART|SA_SIGINFO


---------------  S Y S T E M  ---------------

OS:
DISTRIB_ID=Ubuntu
DISTRIB_RELEASE=20.04
DISTRIB_CODENAME=focal
DISTRIB_DESCRIPTION="Ubuntu 20.04.2 LTS"
uname: Linux 5.15.0-1030-gcp #37~20.04.1-Ubuntu SMP Mon Feb 20 04:30:57 UTC 2023 x86_64
OS uptime: 0 days 4:26 hours
libc: glibc 2.35 NPTL 2.35 
rlimit (soft/hard): STACK 8192k/infinity , CORE infinity/infinity , NPROC infinity/infinity , NOFILE 5242/5242 , AS infinity/infinity , CPU infinity/infinity , DATA infinity/infinity , FSIZE infinity/infinity , MEMLOCK 64k/64k
load average: 6.15 9.70 11.49

/proc/meminfo:
MemTotal:       65852728 kB
MemFree:        37921132 kB
MemAvailable:   51161920 kB
Buffers:         1649604 kB
Cached:         10642012 kB
SwapCached:            0 kB
Active:          6308320 kB
Inactive:       17936056 kB
Active(anon):      14288 kB
Inactive(anon): 11720240 kB
Active(file):    6294032 kB
Inactive(file):  6215816 kB
Unevictable:       43428 kB
Mlocked:           43428 kB
SwapTotal:             0 kB
SwapFree:              0 kB
Dirty:              6088 kB
Writeback:             0 kB
AnonPages:      11393588 kB
Mapped:          1483308 kB
Shmem:             33940 kB
KReclaimable:    1457540 kB
Slab:            2769520 kB
SReclaimable:    1457540 kB
SUnreclaim:      1311980 kB
KernelStack:      387116 kB
PageTables:       129024 kB
NFS_Unstable:          0 kB
Bounce:                0 kB
WritebackTmp:          0 kB
CommitLimit:    32926364 kB
Committed_AS:   58982780 kB
VmallocTotal:   34359738367 kB
VmallocUsed:      422320 kB
VmallocChunk:          0 kB
Percpu:            57344 kB
HardwareCorrupted:     0 kB
AnonHugePages:   1386496 kB
ShmemHugePages:        0 kB
ShmemPmdMapped:        0 kB
FileHugePages:         0 kB
FilePmdMapped:         0 kB
HugePages_Total:       0
HugePages_Free:        0
HugePages_Rsvd:        0
HugePages_Surp:        0
Hugepagesize:       2048 kB
Hugetlb:               0 kB
DirectMap4k:     4012864 kB
DirectMap2M:    40024064 kB
DirectMap1G:    25165824 kB

/sys/kernel/mm/transparent_hugepage/enabled: always [madvise] never
/sys/kernel/mm/transparent_hugepage/defrag (defrag/compaction efforts parameter): always defer defer+madvise [madvise] never

Process Memory:
Virtual Size: 4588632K (peak: 4618044K)
Resident Set Size: 736164K (peak: 771080K) (anon: 540276K, file: 195888K, shmem: 0K)
Swapped out: 0K
C-Heap outstanding allocations: 40453K, retained: 15646K
glibc malloc tunables: (default)

/proc/sys/kernel/threads-max (system-wide limit on the number of threads): 514406
/proc/sys/vm/max_map_count (maximum number of memory map areas a process may have): 65530
/proc/sys/kernel/pid_max (system-wide limit on number of process identifiers): 4194304

container (cgroup) information:
container_type: cgroupv1
cpu_cpuset_cpus: 2-7
cpu_memory_nodes: 0
active_processor_count: 1
cpu_quota: 50000
cpu_period: 100000
cpu_shares: 512
memory_limit_in_bytes: 1048576 k
memory_and_swap_limit_in_bytes: 1048576 k
memory_soft_limit_in_bytes: 524288 k
memory_usage_in_bytes: 591140 k
memory_max_usage_in_bytes: 650008 k
maximum number of tasks: 1000
current number of tasks: 52

KVM virtualization detected
Steal ticks since vm start: 0
Steal ticks percentage since vm start:  0.000

CPU: total 8 (initial active 1) (8 cores per cpu, 2 threads per core) family 23 model 49 stepping 0 microcode 0xffffffff, cx8, cmov, fxsr, ht, mmx, 3dnowpref, sse, sse2, sse3, ssse3, sse4a, sse4.1, sse4.2, popcnt, lzcnt, tsc, tscinvbit, avx, avx2, aes, clmul, bmi1, bmi2, adx, sha, fma, vzeroupper, clflush, clflushopt, hv
CPU Model and flags from /proc/cpuinfo:
model name	: AMD EPYC 7B12
flags		: fpu vme de pse tsc msr pae mce cx8 apic sep mtrr pge mca cmov pat pse36 clflush mmx fxsr sse sse2 ht syscall nx mmxext fxsr_opt pdpe1gb rdtscp lm constant_tsc rep_good nopl nonstop_tsc cpuid extd_apicid tsc_known_freq pni pclmulqdq ssse3 fma cx16 sse4_1 sse4_2 movbe popcnt aes xsave avx f16c rdrand hypervisor lahf_lm cmp_legacy cr8_legacy abm sse4a misalignsse 3dnowprefetch osvw topoext ssbd ibrs ibpb stibp vmmcall fsgsbase tsc_adjust bmi1 avx2 smep bmi2 rdseed adx smap clflushopt clwb sha_ni xsaveopt xsavec xgetbv1 clzero xsaveerptr arat npt nrip_save umip rdpid

Online cpus: 0-7
Offline cpus: 
BIOS frequency limitation: <Not Available>
Frequency switch latency (ns): <Not Available>
Available cpu frequencies: <Not Available>
Current governor: <Not Available>
Core performance/turbo boost: <Not Available>

Memory: 4k page, physical 1048576k(457428k free), swap 0k(0k free)
Page Sizes: 4k

vm_info: OpenJDK 64-Bit Server VM (17.0.5+8-jvmci-22.3-b08) for linux-amd64 JRE (17.0.5+8-jvmci-22.3-b08), built on Oct 19 2022 09:01:27 by "buildslave" with gcc 10.3.0

END.
